flagval
"0"
val
"0"
val
"0"
(litmus-test
 "ISA-DEP-WR-ADDR"
 (Program
  (list
   (Thread
    0
    (list
     (XLrInst 0 0 0 '() '() '() 'x 0 'P)
     (XScInst 1 1 0 '() '() '() 'x 1 'P)
     (Read 2 2 0 '(1) '() '() 'y 0 'P)))
   (Thread
    1
    (list
     (Write 3 0 1 '() '() '() 'y 1 'P)
     (Fence 4 1 1 '() '() '() 0 0 'fence.rw.rw)
     (Read 5 2 1 '() '() '() 'x 0 'P)))))
 '((x 1))
 '())
canonicalize
(Program
 (list
  (Thread
   0
   (list
    (XLrInst 0 0 0 '() '() '() 0 0 'P)
    (XScInst 1 1 0 '() '() '() 0 1 'P)
    (Read 2 2 0 '(1) '() '() 1 0 'P)))
  (Thread
   1
   (list
    (Write 3 0 1 '() '() '() 1 1 'P)
    (Fence 4 1 1 '() '() '() 'x 0 'fence.rw.rw)
    (Read 5 2 1 '() '() '() 0 0 'P)))))
bProc
(bound
 (relation 2 "proc")
 '((|0| |0|) (|1| |0|) (|2| |0|) (|3| |1|) (|4| |1|) (|5| |1|))
 '((|0| |0|) (|1| |0|) (|2| |0|) (|3| |1|) (|4| |1|) (|5| |1|)))
bLoc
(bound
 (relation 2 "loc")
 '((|0| |0|) (|1| |0|) (|2| |1|) (|3| |1|) (|5| |0|))
 '((|0| |0|) (|1| |0|) (|2| |1|) (|3| |1|) (|5| |0|)))
bData
(bound
 (relation 2 "data")
 '((|0| |0|) (|1| |1|) (|2| |0|) (|3| |1|) (|5| |0|))
 '((|0| |0|) (|1| |1|) (|2| |0|) (|3| |1|) (|5| |0|)))
bPO
(bound
 (relation 2 "po")
 '((|0| |1|) (|0| |2|) (|1| |2|) (|3| |4|) (|3| |5|) (|4| |5|))
 '((|0| |1|) (|0| |2|) (|1| |2|) (|3| |4|) (|3| |5|) (|4| |5|)))
bPOLoc
(bound (relation 2 "po-loc") '((|0| |1|)) '((|0| |1|)))
bAddrDP
(bound (relation 2 "addrdeps") '((|1| |2|)) '((|1| |2|)))
bFence.rw.r
(bound (relation 2 "fence.rw.r") '() '())
bFence.tso
(bound (relation 2 "fence.tso") '() '())
end
bTest
(bounds
 (universe '(|0| |1| |2| |3| |4| |5|) #<procedure:...t/lang/universe.rkt:15:5>)
 (list
  (bound
   (relation 1 "MemoryEvent")
   '((|0|) (|1|) (|2|) (|3|) (|4|) (|5|))
   '((|0|) (|1|) (|2|) (|3|) (|4|) (|5|)))
  (bound
   (relation 2 "proc")
   '((|0| |0|) (|1| |0|) (|2| |0|) (|3| |1|) (|4| |1|) (|5| |1|))
   '((|0| |0|) (|1| |0|) (|2| |0|) (|3| |1|) (|4| |1|) (|5| |1|)))
  (bound
   (relation 2 "loc")
   '((|0| |0|) (|1| |0|) (|2| |1|) (|3| |1|) (|5| |0|))
   '((|0| |0|) (|1| |0|) (|2| |1|) (|3| |1|) (|5| |0|)))
  (bound
   (relation 2 "data")
   '((|0| |0|) (|1| |1|) (|2| |0|) (|3| |1|) (|5| |0|))
   '((|0| |0|) (|1| |1|) (|2| |0|) (|3| |1|) (|5| |0|)))
  (bound
   (relation 2 "po")
   '((|0| |1|) (|0| |2|) (|1| |2|) (|3| |4|) (|3| |5|) (|4| |5|))
   '((|0| |1|) (|0| |2|) (|1| |2|) (|3| |4|) (|3| |5|) (|4| |5|)))
  (bound (relation 2 "po-loc") '((|0| |1|)) '((|0| |1|)))
  (bound (relation 2 "addrdeps") '((|1| |2|)) '((|1| |2|)))
  (bound (relation 2 "datadeps") '() '())
  (bound (relation 2 "ctrldeps") '() '())
  (bound (relation 2 "finalValue") '((|0| |1|)) '((|0| |1|)))
  (bound
   (relation 1 "M")
   '((|0|) (|1|) (|2|) (|3|) (|5|))
   '((|0|) (|1|) (|2|) (|3|) (|5|)))
  (bound (relation 1 "R") '((|0|) (|2|) (|5|)) '((|0|) (|2|) (|5|)))
  (bound (relation 1 "W") '((|1|) (|3|)) '((|1|) (|3|)))
  (bound (relation 2 "fence.rw.rw") '((|3| |5|)) '((|3| |5|)))
  (bound (relation 2 "fence.rw.r") '() '())
  (bound (relation 2 "fence.rw.w") '() '())
  (bound (relation 2 "fence.r.rw") '() '())
  (bound (relation 2 "fence.r.r") '() '())
  (bound (relation 2 "fence.r.w") '() '())
  (bound (relation 2 "fence.w.rw") '() '())
  (bound (relation 2 "fence.w.r") '() '())
  (bound (relation 2 "fence.w.w") '() '())
  (bound (relation 2 "fence.tso") '() '())
  (bound (relation 2 "rmw") '((|0| |1|)) '((|0| |1|)))
  (bound (relation 1 "Amo") '() '())
  (bound (relation 1 "XLr") '((|0|)) '((|0|)))
  (bound (relation 1 "XSc") '((|1|)) '((|1|)))
  (bound (relation 1 "AQ") '() '())
  (bound (relation 1 "RL") '() '())
  (bound (relation 1 "Rcsc") '() '())
  (bound (relation 1 "AcqRel") '() '())
  (bound (relation 1 "Int") '((|0|) (|1|)) '((|0|) (|1|)))
  (bound (relation 1 "Zero") '((|0|)) '((|0|)))))
bnds: 
(bounds
 (universe '(|0| |1| |2| |3| |4| |5|) #<procedure:...t/lang/universe.rkt:15:5>)
 (list
  (bound
   (relation 1 "MemoryEvent")
   '((|0|) (|1|) (|2|) (|3|) (|4|) (|5|))
   '((|0|) (|1|) (|2|) (|3|) (|4|) (|5|)))
  (bound
   (relation 2 "proc")
   '((|0| |0|) (|1| |0|) (|2| |0|) (|3| |1|) (|4| |1|) (|5| |1|))
   '((|0| |0|) (|1| |0|) (|2| |0|) (|3| |1|) (|4| |1|) (|5| |1|)))
  (bound
   (relation 2 "loc")
   '((|0| |0|) (|1| |0|) (|2| |1|) (|3| |1|) (|5| |0|))
   '((|0| |0|) (|1| |0|) (|2| |1|) (|3| |1|) (|5| |0|)))
  (bound
   (relation 2 "data")
   '((|0| |0|) (|1| |1|) (|2| |0|) (|3| |1|) (|5| |0|))
   '((|0| |0|) (|1| |1|) (|2| |0|) (|3| |1|) (|5| |0|)))
  (bound
   (relation 2 "po")
   '((|0| |1|) (|0| |2|) (|1| |2|) (|3| |4|) (|3| |5|) (|4| |5|))
   '((|0| |1|) (|0| |2|) (|1| |2|) (|3| |4|) (|3| |5|) (|4| |5|)))
  (bound (relation 2 "po-loc") '((|0| |1|)) '((|0| |1|)))
  (bound (relation 2 "addrdeps") '((|1| |2|)) '((|1| |2|)))
  (bound (relation 2 "datadeps") '() '())
  (bound (relation 2 "ctrldeps") '() '())
  (bound (relation 2 "finalValue") '((|0| |1|)) '((|0| |1|)))
  (bound
   (relation 1 "M")
   '((|0|) (|1|) (|2|) (|3|) (|5|))
   '((|0|) (|1|) (|2|) (|3|) (|5|)))
  (bound (relation 1 "R") '((|0|) (|2|) (|5|)) '((|0|) (|2|) (|5|)))
  (bound (relation 1 "W") '((|1|) (|3|)) '((|1|) (|3|)))
  (bound (relation 2 "fence.rw.rw") '((|3| |5|)) '((|3| |5|)))
  (bound (relation 2 "fence.rw.r") '() '())
  (bound (relation 2 "fence.rw.w") '() '())
  (bound (relation 2 "fence.r.rw") '() '())
  (bound (relation 2 "fence.r.r") '() '())
  (bound (relation 2 "fence.r.w") '() '())
  (bound (relation 2 "fence.w.rw") '() '())
  (bound (relation 2 "fence.w.r") '() '())
  (bound (relation 2 "fence.w.w") '() '())
  (bound (relation 2 "fence.tso") '() '())
  (bound (relation 2 "rmw") '((|0| |1|)) '((|0| |1|)))
  (bound (relation 1 "Amo") '() '())
  (bound (relation 1 "XLr") '((|0|)) '((|0|)))
  (bound (relation 1 "XSc") '((|1|)) '((|1|)))
  (bound (relation 1 "AQ") '() '())
  (bound (relation 1 "RL") '() '())
  (bound (relation 1 "Rcsc") '() '())
  (bound (relation 1 "AcqRel") '() '())
  (bound (relation 1 "Int") '((|0|) (|1|)) '((|0|) (|1|)))
  (bound (relation 1 "Zero") '((|0|)) '((|0|)))))
reads: 
'((|0|) (|2|) (|5|))
writes:
'((|1|) (|3|))
event->locs:
(hash
 '|0|
 (set '|0|)
 '|1|
 (set '|0|)
 '|2|
 (set '|1|)
 '|3|
 (set '|1|)
 '|5|
 (set '|0|))
event->vals:
(hash
 '|0|
 (set '|0|)
 '|1|
 (set '|1|)
 '|2|
 (set '|0|)
 '|3|
 (set '|1|)
 '|5|
 (set '|0|))
read from init L
'((|0|) (|2|) (|5|))
read from init U
'((|0|) (|2|) (|5|))
from read init L
'((|0| |1|) (|5| |1|) (|2| |3|))
from read init U
'((|0| |1|) (|5| |1|) (|2| |3|))
from read initi L
'((|0| |1|))
from read initi U
'((|0| |1|))
from read inite L
'((|5| |1|) (|2| |3|))
from read inite U
'((|5| |1|) (|2| |3|))
rfi_U:
'()
bExec
(bounds
 (universe '(|0| |1| |2| |3| |4| |5|) #<procedure:...t/lang/universe.rkt:15:5>)
 (list
  (bound (relation 2 "rf") '() '())
  (bound (relation 2 "co") '() '())
  (bound (relation 2 "rfi") '() '())
  (bound (relation 2 "rfe") '() '())
  (bound (relation 2 "coi") '() '())
  (bound (relation 2 "coe") '() '())
  (bound
   (relation 2 "fr")
   '((|2| |3|) (|5| |1|) (|0| |1|))
   '((|2| |3|) (|5| |1|) (|0| |1|)))
  (bound (relation 2 "fri") '((|0| |1|)) '((|0| |1|)))
  (bound (relation 2 "fre") '((|2| |3|) (|5| |1|)) '((|2| |3|) (|5| |1|)))
  (bound (relation 2 "rsw") '() '())
  (bound
   (relation 2 "fr_init")
   '((|0| |1|) (|5| |1|) (|2| |3|))
   '((|0| |1|) (|5| |1|) (|2| |3|)))))
Allow*
#f
#f
