val
"1"
val
"1"
(litmus-test
 "ISA14"
 (Program
  (list
   (Thread
    0
    (list
     (Write 0 0 0 '() '() '() 'x 2 'P)
     (Fence 1 1 0 '() '() '() 0 0 'fence.w.w)
     (Write 2 2 0 '() '() '() 'y 1 'P)))
   (Thread
    1
    (list
     (Read 3 0 1 '() '() '() 'y 1 'P)
     (Write 4 1 1 '() '() '() 'x 1 'P)
     (Read 5 2 1 '() '() '() 'x 1 'P)))))
 '((x 2))
 '())
canonicalize
(Program
 (list
  (Thread
   0
   (list
    (Write 0 0 0 '() '() '() 0 1 'P)
    (Fence 1 1 0 '() '() '() 'x 0 'fence.w.w)
    (Write 2 2 0 '() '() '() 1 2 'P)))
  (Thread
   1
   (list
    (Read 3 0 1 '() '() '() 1 2 'P)
    (Write 4 1 1 '() '() '() 0 2 'P)
    (Read 5 2 1 '() '() '() 0 2 'P)))))
bProc
(bound
 (relation 2 "proc")
 '((|0| |0|) (|1| |0|) (|2| |0|) (|3| |1|) (|4| |1|) (|5| |1|))
 '((|0| |0|) (|1| |0|) (|2| |0|) (|3| |1|) (|4| |1|) (|5| |1|)))
bLoc
(bound
 (relation 2 "loc")
 '((|0| |0|) (|2| |1|) (|3| |1|) (|4| |0|) (|5| |0|))
 '((|0| |0|) (|2| |1|) (|3| |1|) (|4| |0|) (|5| |0|)))
bData
(bound
 (relation 2 "data")
 '((|0| |1|) (|2| |2|) (|3| |2|) (|4| |2|) (|5| |2|))
 '((|0| |1|) (|2| |2|) (|3| |2|) (|4| |2|) (|5| |2|)))
bPO
(bound
 (relation 2 "po")
 '((|0| |1|) (|0| |2|) (|1| |2|) (|3| |4|) (|3| |5|) (|4| |5|))
 '((|0| |1|) (|0| |2|) (|1| |2|) (|3| |4|) (|3| |5|) (|4| |5|)))
bPOLoc
(bound (relation 2 "po-loc") '((|4| |5|)) '((|4| |5|)))
bAddrDP
(bound (relation 2 "addrdeps") '() '())
bFence.rw.r
(bound (relation 2 "fence.rw.r") '() '())
bFence.tso
(bound (relation 2 "fence.tso") '() '())
end
bTest
(bounds
 (universe '(|0| |1| |2| |3| |4| |5|) #<procedure:...t/lang/universe.rkt:15:5>)
 (list
  (bound
   (relation 1 "MemoryEvent")
   '((|0|) (|1|) (|2|) (|3|) (|4|) (|5|))
   '((|0|) (|1|) (|2|) (|3|) (|4|) (|5|)))
  (bound
   (relation 2 "proc")
   '((|0| |0|) (|1| |0|) (|2| |0|) (|3| |1|) (|4| |1|) (|5| |1|))
   '((|0| |0|) (|1| |0|) (|2| |0|) (|3| |1|) (|4| |1|) (|5| |1|)))
  (bound
   (relation 2 "loc")
   '((|0| |0|) (|2| |1|) (|3| |1|) (|4| |0|) (|5| |0|))
   '((|0| |0|) (|2| |1|) (|3| |1|) (|4| |0|) (|5| |0|)))
  (bound
   (relation 2 "data")
   '((|0| |1|) (|2| |2|) (|3| |2|) (|4| |2|) (|5| |2|))
   '((|0| |1|) (|2| |2|) (|3| |2|) (|4| |2|) (|5| |2|)))
  (bound
   (relation 2 "po")
   '((|0| |1|) (|0| |2|) (|1| |2|) (|3| |4|) (|3| |5|) (|4| |5|))
   '((|0| |1|) (|0| |2|) (|1| |2|) (|3| |4|) (|3| |5|) (|4| |5|)))
  (bound (relation 2 "po-loc") '((|4| |5|)) '((|4| |5|)))
  (bound (relation 2 "addrdeps") '() '())
  (bound (relation 2 "datadeps") '() '())
  (bound (relation 2 "ctrldeps") '() '())
  (bound (relation 2 "finalValue") '((|0| |1|)) '((|0| |1|)))
  (bound
   (relation 1 "M")
   '((|0|) (|2|) (|3|) (|4|) (|5|))
   '((|0|) (|2|) (|3|) (|4|) (|5|)))
  (bound (relation 1 "R") '((|3|) (|5|)) '((|3|) (|5|)))
  (bound (relation 1 "W") '((|0|) (|2|) (|4|)) '((|0|) (|2|) (|4|)))
  (bound (relation 2 "fence.rw.rw") '() '())
  (bound (relation 2 "fence.rw.r") '() '())
  (bound (relation 2 "fence.rw.w") '() '())
  (bound (relation 2 "fence.r.rw") '() '())
  (bound (relation 2 "fence.r.r") '() '())
  (bound (relation 2 "fence.r.w") '() '())
  (bound (relation 2 "fence.w.rw") '() '())
  (bound (relation 2 "fence.w.r") '() '())
  (bound (relation 2 "fence.w.w") '((|0| |2|)) '((|0| |2|)))
  (bound (relation 2 "fence.tso") '() '())
  (bound (relation 2 "rmw") '() '())
  (bound (relation 1 "Amo") '() '())
  (bound (relation 1 "XLr") '() '())
  (bound (relation 1 "XSc") '() '())
  (bound (relation 1 "AQ") '() '())
  (bound (relation 1 "RL") '() '())
  (bound (relation 1 "Rcsc") '() '())
  (bound (relation 1 "AcqRel") '() '())
  (bound (relation 1 "Int") '((|0|) (|1|) (|2|)) '((|0|) (|1|) (|2|)))
  (bound (relation 1 "Zero") '((|0|)) '((|0|)))))
bnds: 
(bounds
 (universe '(|0| |1| |2| |3| |4| |5|) #<procedure:...t/lang/universe.rkt:15:5>)
 (list
  (bound
   (relation 1 "MemoryEvent")
   '((|0|) (|1|) (|2|) (|3|) (|4|) (|5|))
   '((|0|) (|1|) (|2|) (|3|) (|4|) (|5|)))
  (bound
   (relation 2 "proc")
   '((|0| |0|) (|1| |0|) (|2| |0|) (|3| |1|) (|4| |1|) (|5| |1|))
   '((|0| |0|) (|1| |0|) (|2| |0|) (|3| |1|) (|4| |1|) (|5| |1|)))
  (bound
   (relation 2 "loc")
   '((|0| |0|) (|2| |1|) (|3| |1|) (|4| |0|) (|5| |0|))
   '((|0| |0|) (|2| |1|) (|3| |1|) (|4| |0|) (|5| |0|)))
  (bound
   (relation 2 "data")
   '((|0| |1|) (|2| |2|) (|3| |2|) (|4| |2|) (|5| |2|))
   '((|0| |1|) (|2| |2|) (|3| |2|) (|4| |2|) (|5| |2|)))
  (bound
   (relation 2 "po")
   '((|0| |1|) (|0| |2|) (|1| |2|) (|3| |4|) (|3| |5|) (|4| |5|))
   '((|0| |1|) (|0| |2|) (|1| |2|) (|3| |4|) (|3| |5|) (|4| |5|)))
  (bound (relation 2 "po-loc") '((|4| |5|)) '((|4| |5|)))
  (bound (relation 2 "addrdeps") '() '())
  (bound (relation 2 "datadeps") '() '())
  (bound (relation 2 "ctrldeps") '() '())
  (bound (relation 2 "finalValue") '((|0| |1|)) '((|0| |1|)))
  (bound
   (relation 1 "M")
   '((|0|) (|2|) (|3|) (|4|) (|5|))
   '((|0|) (|2|) (|3|) (|4|) (|5|)))
  (bound (relation 1 "R") '((|3|) (|5|)) '((|3|) (|5|)))
  (bound (relation 1 "W") '((|0|) (|2|) (|4|)) '((|0|) (|2|) (|4|)))
  (bound (relation 2 "fence.rw.rw") '() '())
  (bound (relation 2 "fence.rw.r") '() '())
  (bound (relation 2 "fence.rw.w") '() '())
  (bound (relation 2 "fence.r.rw") '() '())
  (bound (relation 2 "fence.r.r") '() '())
  (bound (relation 2 "fence.r.w") '() '())
  (bound (relation 2 "fence.w.rw") '() '())
  (bound (relation 2 "fence.w.r") '() '())
  (bound (relation 2 "fence.w.w") '((|0| |2|)) '((|0| |2|)))
  (bound (relation 2 "fence.tso") '() '())
  (bound (relation 2 "rmw") '() '())
  (bound (relation 1 "Amo") '() '())
  (bound (relation 1 "XLr") '() '())
  (bound (relation 1 "XSc") '() '())
  (bound (relation 1 "AQ") '() '())
  (bound (relation 1 "RL") '() '())
  (bound (relation 1 "Rcsc") '() '())
  (bound (relation 1 "AcqRel") '() '())
  (bound (relation 1 "Int") '((|0|) (|1|) (|2|)) '((|0|) (|1|) (|2|)))
  (bound (relation 1 "Zero") '((|0|)) '((|0|)))))
reads: 
'((|3|) (|5|))
writes:
'((|0|) (|2|) (|4|))
event->locs:
(hash
 '|0|
 (set '|0|)
 '|2|
 (set '|1|)
 '|3|
 (set '|1|)
 '|4|
 (set '|0|)
 '|5|
 (set '|0|))
event->vals:
(hash
 '|0|
 (set '|1|)
 '|2|
 (set '|2|)
 '|3|
 (set '|2|)
 '|4|
 (set '|2|)
 '|5|
 (set '|2|))
read from init L
'()
read from init U
'()
from read init L
'()
from read init U
'()
from read initi L
'()
from read initi U
'()
from read inite L
'()
from read inite U
'()
rfi_U:
'((|4| |5|))
rfi_L:
'|4|
rfi_L:
'|2|
bExec
(bounds
 (universe '(|0| |1| |2| |3| |4| |5|) #<procedure:...t/lang/universe.rkt:15:5>)
 (list
  (bound (relation 2 "rf") '((|2| |3|) (|4| |5|)) '((|2| |3|) (|4| |5|)))
  (bound (relation 2 "co") '((|4| |0|)) '((|4| |0|)))
  (bound (relation 2 "rfi") '((|4| |5|)) '((|4| |5|)))
  (bound (relation 2 "rfe") '((|2| |3|)) '((|2| |3|)))
  (bound (relation 2 "coi") '() '())
  (bound (relation 2 "coe") '((|4| |0|)) '((|4| |0|)))
  (bound (relation 2 "fr") '((|5| |0|)) '((|5| |0|)))
  (bound (relation 2 "fri") '() '())
  (bound (relation 2 "fre") '((|5| |0|)) '((|5| |0|)))
  (bound (relation 2 "rsw") '() '())
  (bound (relation 2 "fr_init") '() '())))
Allow*
#t
#t
