allowed
'(RVWMONot)
val
"1"
val
"1"
flagval
"0"
(litmus-test
 "LB+addr+addrpx-poxp+VAR2"
 (Program
  (list
   (Thread
    0
    (list (Read 0 0 0 '() '() '() 'x 1 'P) (Write 1 1 0 '(0) '() '() 'y 1 'P)))
   (Thread
    1
    (list
     (Read 2 0 1 '() '() '() 'y 1 'P)
     (XLrInst 3 1 1 '() '() '() 'z 0 'P)
     (XScInst 4 2 1 '(0) '() '() 'z 1 'P)
     (Write 5 3 1 '() '() '() 'x 1 'P)))))
 '()
 '(RVWMONot))
canonicalize
(Program
 (list
  (Thread
   0
   (list (Read 0 0 0 '() '() '() 0 1 'P) (Write 1 1 0 '(0) '() '() 1 1 'P)))
  (Thread
   1
   (list
    (Read 2 0 1 '() '() '() 1 1 'P)
    (XLrInst 3 1 1 '() '() '() 2 0 'P)
    (XScInst 4 2 1 '(0) '() '() 2 1 'P)
    (Write 5 3 1 '() '() '() 0 1 'P)))))
bProc
(bound
 (relation 2 "proc")
 '((|0| |0|) (|1| |0|) (|2| |1|) (|3| |1|) (|4| |1|) (|5| |1|))
 '((|0| |0|) (|1| |0|) (|2| |1|) (|3| |1|) (|4| |1|) (|5| |1|)))
bLoc
(bound
 (relation 2 "loc")
 '((|0| |0|) (|1| |1|) (|2| |1|) (|3| |2|) (|4| |2|) (|5| |0|))
 '((|0| |0|) (|1| |1|) (|2| |1|) (|3| |2|) (|4| |2|) (|5| |0|)))
bData
(bound
 (relation 2 "data")
 '((|0| |1|) (|1| |1|) (|2| |1|) (|3| |0|) (|4| |1|) (|5| |1|))
 '((|0| |1|) (|1| |1|) (|2| |1|) (|3| |0|) (|4| |1|) (|5| |1|)))
bPO
(bound
 (relation 2 "po")
 '((|0| |1|) (|2| |3|) (|2| |4|) (|2| |5|) (|3| |4|) (|3| |5|) (|4| |5|))
 '((|0| |1|) (|2| |3|) (|2| |4|) (|2| |5|) (|3| |4|) (|3| |5|) (|4| |5|)))
bPOLoc
(bound (relation 2 "po-loc") '((|3| |4|)) '((|3| |4|)))
bAddrDP
(bound (relation 2 "addrdeps") '((|0| |1|) (|2| |4|)) '((|0| |1|) (|2| |4|)))
bfinalValueNotZero
(bound (relation 2 "finalValueNotZero") '() '())
bfinalValueZero
(bound (relation 2 "finalValueZero") '() '())
bFence.rw.r
(bound (relation 2 "fence.rw.r") '() '())
bFence.tso
(bound (relation 2 "fence.tso") '() '())
end
bTest
(bounds
 (universe '(|0| |1| |2| |3| |4| |5|) #<procedure:...t/lang/universe.rkt:15:5>)
 (list
  (bound
   (relation 1 "MemoryEvent")
   '((|0|) (|1|) (|2|) (|3|) (|4|) (|5|))
   '((|0|) (|1|) (|2|) (|3|) (|4|) (|5|)))
  (bound
   (relation 2 "proc")
   '((|0| |0|) (|1| |0|) (|2| |1|) (|3| |1|) (|4| |1|) (|5| |1|))
   '((|0| |0|) (|1| |0|) (|2| |1|) (|3| |1|) (|4| |1|) (|5| |1|)))
  (bound
   (relation 2 "loc")
   '((|0| |0|) (|1| |1|) (|2| |1|) (|3| |2|) (|4| |2|) (|5| |0|))
   '((|0| |0|) (|1| |1|) (|2| |1|) (|3| |2|) (|4| |2|) (|5| |0|)))
  (bound
   (relation 2 "data")
   '((|0| |1|) (|1| |1|) (|2| |1|) (|3| |0|) (|4| |1|) (|5| |1|))
   '((|0| |1|) (|1| |1|) (|2| |1|) (|3| |0|) (|4| |1|) (|5| |1|)))
  (bound
   (relation 2 "po")
   '((|0| |1|) (|2| |3|) (|2| |4|) (|2| |5|) (|3| |4|) (|3| |5|) (|4| |5|))
   '((|0| |1|) (|2| |3|) (|2| |4|) (|2| |5|) (|3| |4|) (|3| |5|) (|4| |5|)))
  (bound (relation 2 "po-loc") '((|3| |4|)) '((|3| |4|)))
  (bound (relation 2 "addrdeps") '((|0| |1|) (|2| |4|)) '((|0| |1|) (|2| |4|)))
  (bound (relation 2 "datadeps") '() '())
  (bound (relation 2 "ctrldeps") '() '())
  (bound (relation 2 "finalValue") '() '())
  (bound
   (relation 1 "M")
   '((|0|) (|1|) (|2|) (|3|) (|4|) (|5|))
   '((|0|) (|1|) (|2|) (|3|) (|4|) (|5|)))
  (bound (relation 1 "R") '((|0|) (|2|) (|3|)) '((|0|) (|2|) (|3|)))
  (bound (relation 1 "W") '((|1|) (|4|) (|5|)) '((|1|) (|4|) (|5|)))
  (bound (relation 2 "fence.rw.rw") '() '())
  (bound (relation 2 "fence.rw.r") '() '())
  (bound (relation 2 "fence.rw.w") '() '())
  (bound (relation 2 "fence.r.rw") '() '())
  (bound (relation 2 "fence.r.r") '() '())
  (bound (relation 2 "fence.r.w") '() '())
  (bound (relation 2 "fence.w.rw") '() '())
  (bound (relation 2 "fence.w.r") '() '())
  (bound (relation 2 "fence.w.w") '() '())
  (bound (relation 2 "fence.tso") '() '())
  (bound (relation 2 "rmw") '((|3| |4|)) '((|3| |4|)))
  (bound (relation 1 "Amo") '() '())
  (bound (relation 1 "XLr") '((|3|)) '((|3|)))
  (bound (relation 1 "XSc") '((|4|)) '((|4|)))
  (bound (relation 1 "AQ") '() '())
  (bound (relation 1 "RL") '() '())
  (bound (relation 1 "Rcsc") '() '())
  (bound (relation 1 "AcqRel") '() '())
  (bound (relation 1 "Int") '((|0|) (|1|) (|2|)) '((|0|) (|1|) (|2|)))
  (bound (relation 1 "Zero") '((|0|)) '((|0|)))
  (bound (relation 2 "finalValueNotZero") '() '())
  (bound (relation 2 "finalValueZero") '() '())))
bnds: 
(bounds
 (universe '(|0| |1| |2| |3| |4| |5|) #<procedure:...t/lang/universe.rkt:15:5>)
 (list
  (bound
   (relation 1 "MemoryEvent")
   '((|0|) (|1|) (|2|) (|3|) (|4|) (|5|))
   '((|0|) (|1|) (|2|) (|3|) (|4|) (|5|)))
  (bound
   (relation 2 "proc")
   '((|0| |0|) (|1| |0|) (|2| |1|) (|3| |1|) (|4| |1|) (|5| |1|))
   '((|0| |0|) (|1| |0|) (|2| |1|) (|3| |1|) (|4| |1|) (|5| |1|)))
  (bound
   (relation 2 "loc")
   '((|0| |0|) (|1| |1|) (|2| |1|) (|3| |2|) (|4| |2|) (|5| |0|))
   '((|0| |0|) (|1| |1|) (|2| |1|) (|3| |2|) (|4| |2|) (|5| |0|)))
  (bound
   (relation 2 "data")
   '((|0| |1|) (|1| |1|) (|2| |1|) (|3| |0|) (|4| |1|) (|5| |1|))
   '((|0| |1|) (|1| |1|) (|2| |1|) (|3| |0|) (|4| |1|) (|5| |1|)))
  (bound
   (relation 2 "po")
   '((|0| |1|) (|2| |3|) (|2| |4|) (|2| |5|) (|3| |4|) (|3| |5|) (|4| |5|))
   '((|0| |1|) (|2| |3|) (|2| |4|) (|2| |5|) (|3| |4|) (|3| |5|) (|4| |5|)))
  (bound (relation 2 "po-loc") '((|3| |4|)) '((|3| |4|)))
  (bound (relation 2 "addrdeps") '((|0| |1|) (|2| |4|)) '((|0| |1|) (|2| |4|)))
  (bound (relation 2 "datadeps") '() '())
  (bound (relation 2 "ctrldeps") '() '())
  (bound (relation 2 "finalValue") '() '())
  (bound
   (relation 1 "M")
   '((|0|) (|1|) (|2|) (|3|) (|4|) (|5|))
   '((|0|) (|1|) (|2|) (|3|) (|4|) (|5|)))
  (bound (relation 1 "R") '((|0|) (|2|) (|3|)) '((|0|) (|2|) (|3|)))
  (bound (relation 1 "W") '((|1|) (|4|) (|5|)) '((|1|) (|4|) (|5|)))
  (bound (relation 2 "fence.rw.rw") '() '())
  (bound (relation 2 "fence.rw.r") '() '())
  (bound (relation 2 "fence.rw.w") '() '())
  (bound (relation 2 "fence.r.rw") '() '())
  (bound (relation 2 "fence.r.r") '() '())
  (bound (relation 2 "fence.r.w") '() '())
  (bound (relation 2 "fence.w.rw") '() '())
  (bound (relation 2 "fence.w.r") '() '())
  (bound (relation 2 "fence.w.w") '() '())
  (bound (relation 2 "fence.tso") '() '())
  (bound (relation 2 "rmw") '((|3| |4|)) '((|3| |4|)))
  (bound (relation 1 "Amo") '() '())
  (bound (relation 1 "XLr") '((|3|)) '((|3|)))
  (bound (relation 1 "XSc") '((|4|)) '((|4|)))
  (bound (relation 1 "AQ") '() '())
  (bound (relation 1 "RL") '() '())
  (bound (relation 1 "Rcsc") '() '())
  (bound (relation 1 "AcqRel") '() '())
  (bound (relation 1 "Int") '((|0|) (|1|) (|2|)) '((|0|) (|1|) (|2|)))
  (bound (relation 1 "Zero") '((|0|)) '((|0|)))
  (bound (relation 2 "finalValueNotZero") '() '())
  (bound (relation 2 "finalValueZero") '() '())))
reads: 
'((|0|) (|2|) (|3|))
writes:
'((|1|) (|4|) (|5|))
event->locs:
(hash
 '|0|
 (set '|0|)
 '|1|
 (set '|1|)
 '|2|
 (set '|1|)
 '|3|
 (set '|2|)
 '|4|
 (set '|2|)
 '|5|
 (set '|0|))
event->vals:
(hash
 '|0|
 (set '|1|)
 '|1|
 (set '|1|)
 '|2|
 (set '|1|)
 '|3|
 (set '|0|)
 '|4|
 (set '|1|)
 '|5|
 (set '|1|))
lv->writes:
(hash '(|2| . |1|) (set '|4|) '(|0| . |1|) (set '|5|) '(|1| . |1|) (set '|1|))
event_loc_U:
'((|2| |1|) (|3| |2|) (|0| |0|) (|1| |1|) (|4| |2|) (|5| |0|))
event_loc_L:
'((|2| |1|) (|3| |2|) (|0| |0|) (|1| |1|) (|4| |2|) (|5| |0|))
event_val_U:
'((|2| |1|) (|3| |0|) (|0| |1|) (|1| |1|) (|4| |1|) (|5| |1|))
event_val_L:
'((|2| |1|) (|3| |0|) (|0| |1|) (|1| |1|) (|4| |1|) (|5| |1|))
read from init L
'((|3|))
read from init U
'((|3|))
from read init L
'((|3| |4|))
from read init U
'((|3| |4|))
from read initi L
'((|3| |4|))
from read initi U
'((|3| |4|))
from read inite L
'()
from read inite U
'()
rfi_U:
'()
rfi_L:
'|5|
rfi_L:
'|1|
bExec
(bounds
 (universe '(|0| |1| |2| |3| |4| |5|) #<procedure:...t/lang/universe.rkt:15:5>)
 (list
  (bound (relation 2 "rf") '((|5| |0|) (|1| |2|)) '((|1| |2|) (|5| |0|)))
  (bound (relation 2 "co") '() '())
  (bound (relation 2 "rfi") '() '())
  (bound (relation 2 "rfe") '((|5| |0|) (|1| |2|)) '((|1| |2|) (|5| |0|)))
  (bound (relation 2 "coi") '() '())
  (bound (relation 2 "coe") '() '())
  (bound (relation 2 "fr") '((|3| |4|)) '((|3| |4|)))
  (bound (relation 2 "fri") '((|3| |4|)) '((|3| |4|)))
  (bound (relation 2 "fre") '() '())
  (bound (relation 2 "rsw") '() '())
  (bound (relation 2 "fr_init") '((|3| |4|)) '((|3| |4|)))
  (bound
   (relation 2 "event_loc")
   '((|2| |1|) (|3| |2|) (|0| |0|) (|1| |1|) (|4| |2|) (|5| |0|))
   '((|2| |1|) (|3| |2|) (|0| |0|) (|1| |1|) (|4| |2|) (|5| |0|)))
  (bound
   (relation 2 "event_val")
   '((|2| |1|) (|3| |0|) (|0| |1|) (|1| |1|) (|4| |1|) (|5| |1|))
   '((|2| |1|) (|3| |0|) (|0| |1|) (|1| |1|) (|4| |1|) (|5| |1|)))))
Allow*
#f
#f
