allowed
'(RVWMONot)
flagval
"1"
val
"1"
flagval
"1"
val
"0"
(litmus-test
 "LR-SC-NOT-FENCE"
 (Program
  (list
   (Thread
    0
    (list
     (Write 0 0 0 '() '() '() 'a 1 'P)
     (XLrInst 1 1 0 '() '() '() 'c 0 'AQRL)
     (Read 2 3 0 '() '() '() 'b 1 'P)))
   (Thread
    1
    (list
     (Write 3 0 1 '() '() '() 'b 1 'P)
     (XLrInst 4 1 1 '() '() '() 'd 0 'AQRL)
     (Read 5 3 1 '() '() '() 'a 0 'P)))))
 '((c 0) (d 1))
 '(RVWMONot))
canonicalize
(Program
 (list
  (Thread
   0
   (list
    (Write 0 0 0 '() '() '() 0 1 'P)
    (XLrInst 1 1 0 '() '() '() 1 0 'AQRL)
    (Read 2 3 0 '() '() '() 2 1 'P)))
  (Thread
   1
   (list
    (Write 3 0 1 '() '() '() 2 1 'P)
    (XLrInst 4 1 1 '() '() '() 3 0 'AQRL)
    (Read 5 3 1 '() '() '() 0 0 'P)))))
bProc
(bound
 (relation 2 "proc")
 '((|0| |0|) (|1| |0|) (|2| |0|) (|3| |1|) (|4| |1|) (|5| |1|))
 '((|0| |0|) (|1| |0|) (|2| |0|) (|3| |1|) (|4| |1|) (|5| |1|)))
bLoc
(bound
 (relation 2 "loc")
 '((|0| |0|) (|1| |1|) (|2| |2|) (|3| |2|) (|4| |3|) (|5| |0|))
 '((|0| |0|) (|1| |1|) (|2| |2|) (|3| |2|) (|4| |3|) (|5| |0|)))
bData
(bound
 (relation 2 "data")
 '((|0| |1|) (|1| |0|) (|2| |1|) (|3| |1|) (|4| |0|) (|5| |0|))
 '((|0| |1|) (|1| |0|) (|2| |1|) (|3| |1|) (|4| |0|) (|5| |0|)))
bPO
(bound
 (relation 2 "po")
 '((|0| |1|) (|0| |2|) (|1| |2|) (|3| |4|) (|3| |5|) (|4| |5|))
 '((|0| |1|) (|0| |2|) (|1| |2|) (|3| |4|) (|3| |5|) (|4| |5|)))
bPOLoc
(bound (relation 2 "po-loc") '() '())
bAddrDP
(bound (relation 2 "addrdeps") '() '())
bfinalValueNotZero
(bound (relation 2 "finalValueNotZero") '((|3| |1|)) '((|3| |1|)))
bfinalValueZero
(bound (relation 2 "finalValueZero") '((|1| |0|)) '((|1| |0|)))
bFence.rw.r
(bound (relation 2 "fence.rw.r") '() '())
bFence.tso
(bound (relation 2 "fence.tso") '() '())
end
bTest
(bounds
 (universe '(|0| |1| |2| |3| |4| |5|) #<procedure:...t/lang/universe.rkt:15:5>)
 (list
  (bound
   (relation 1 "MemoryEvent")
   '((|0|) (|1|) (|2|) (|3|) (|4|) (|5|))
   '((|0|) (|1|) (|2|) (|3|) (|4|) (|5|)))
  (bound
   (relation 2 "proc")
   '((|0| |0|) (|1| |0|) (|2| |0|) (|3| |1|) (|4| |1|) (|5| |1|))
   '((|0| |0|) (|1| |0|) (|2| |0|) (|3| |1|) (|4| |1|) (|5| |1|)))
  (bound
   (relation 2 "loc")
   '((|0| |0|) (|1| |1|) (|2| |2|) (|3| |2|) (|4| |3|) (|5| |0|))
   '((|0| |0|) (|1| |1|) (|2| |2|) (|3| |2|) (|4| |3|) (|5| |0|)))
  (bound
   (relation 2 "data")
   '((|0| |1|) (|1| |0|) (|2| |1|) (|3| |1|) (|4| |0|) (|5| |0|))
   '((|0| |1|) (|1| |0|) (|2| |1|) (|3| |1|) (|4| |0|) (|5| |0|)))
  (bound
   (relation 2 "po")
   '((|0| |1|) (|0| |2|) (|1| |2|) (|3| |4|) (|3| |5|) (|4| |5|))
   '((|0| |1|) (|0| |2|) (|1| |2|) (|3| |4|) (|3| |5|) (|4| |5|)))
  (bound (relation 2 "po-loc") '() '())
  (bound (relation 2 "addrdeps") '() '())
  (bound (relation 2 "datadeps") '() '())
  (bound (relation 2 "ctrldeps") '() '())
  (bound
   (relation 2 "finalValue")
   '((|1| |0|) (|3| |1|))
   '((|1| |0|) (|3| |1|)))
  (bound
   (relation 1 "M")
   '((|0|) (|1|) (|2|) (|3|) (|4|) (|5|))
   '((|0|) (|1|) (|2|) (|3|) (|4|) (|5|)))
  (bound
   (relation 1 "R")
   '((|1|) (|2|) (|4|) (|5|))
   '((|1|) (|2|) (|4|) (|5|)))
  (bound (relation 1 "W") '((|0|) (|3|)) '((|0|) (|3|)))
  (bound (relation 2 "fence.rw.rw") '() '())
  (bound (relation 2 "fence.rw.r") '() '())
  (bound (relation 2 "fence.rw.w") '() '())
  (bound (relation 2 "fence.r.rw") '() '())
  (bound (relation 2 "fence.r.r") '() '())
  (bound (relation 2 "fence.r.w") '() '())
  (bound (relation 2 "fence.w.rw") '() '())
  (bound (relation 2 "fence.w.r") '() '())
  (bound (relation 2 "fence.w.w") '() '())
  (bound (relation 2 "fence.tso") '() '())
  (bound (relation 2 "rmw") '() '())
  (bound (relation 1 "Amo") '() '())
  (bound (relation 1 "XLr") '((|1|) (|4|)) '((|1|) (|4|)))
  (bound (relation 1 "XSc") '() '())
  (bound (relation 1 "AQ") '((|1|) (|4|)) '((|1|) (|4|)))
  (bound (relation 1 "RL") '((|1|) (|4|)) '((|1|) (|4|)))
  (bound (relation 1 "Rcsc") '((|1|) (|4|)) '((|1|) (|4|)))
  (bound (relation 1 "AcqRel") '((|1|) (|4|)) '((|1|) (|4|)))
  (bound
   (relation 1 "Int")
   '((|0|) (|1|) (|2|) (|3|))
   '((|0|) (|1|) (|2|) (|3|)))
  (bound (relation 1 "Zero") '((|0|)) '((|0|)))
  (bound (relation 2 "finalValueNotZero") '((|3| |1|)) '((|3| |1|)))
  (bound (relation 2 "finalValueZero") '((|1| |0|)) '((|1| |0|)))))
bnds: 
(bounds
 (universe '(|0| |1| |2| |3| |4| |5|) #<procedure:...t/lang/universe.rkt:15:5>)
 (list
  (bound
   (relation 1 "MemoryEvent")
   '((|0|) (|1|) (|2|) (|3|) (|4|) (|5|))
   '((|0|) (|1|) (|2|) (|3|) (|4|) (|5|)))
  (bound
   (relation 2 "proc")
   '((|0| |0|) (|1| |0|) (|2| |0|) (|3| |1|) (|4| |1|) (|5| |1|))
   '((|0| |0|) (|1| |0|) (|2| |0|) (|3| |1|) (|4| |1|) (|5| |1|)))
  (bound
   (relation 2 "loc")
   '((|0| |0|) (|1| |1|) (|2| |2|) (|3| |2|) (|4| |3|) (|5| |0|))
   '((|0| |0|) (|1| |1|) (|2| |2|) (|3| |2|) (|4| |3|) (|5| |0|)))
  (bound
   (relation 2 "data")
   '((|0| |1|) (|1| |0|) (|2| |1|) (|3| |1|) (|4| |0|) (|5| |0|))
   '((|0| |1|) (|1| |0|) (|2| |1|) (|3| |1|) (|4| |0|) (|5| |0|)))
  (bound
   (relation 2 "po")
   '((|0| |1|) (|0| |2|) (|1| |2|) (|3| |4|) (|3| |5|) (|4| |5|))
   '((|0| |1|) (|0| |2|) (|1| |2|) (|3| |4|) (|3| |5|) (|4| |5|)))
  (bound (relation 2 "po-loc") '() '())
  (bound (relation 2 "addrdeps") '() '())
  (bound (relation 2 "datadeps") '() '())
  (bound (relation 2 "ctrldeps") '() '())
  (bound
   (relation 2 "finalValue")
   '((|1| |0|) (|3| |1|))
   '((|1| |0|) (|3| |1|)))
  (bound
   (relation 1 "M")
   '((|0|) (|1|) (|2|) (|3|) (|4|) (|5|))
   '((|0|) (|1|) (|2|) (|3|) (|4|) (|5|)))
  (bound
   (relation 1 "R")
   '((|1|) (|2|) (|4|) (|5|))
   '((|1|) (|2|) (|4|) (|5|)))
  (bound (relation 1 "W") '((|0|) (|3|)) '((|0|) (|3|)))
  (bound (relation 2 "fence.rw.rw") '() '())
  (bound (relation 2 "fence.rw.r") '() '())
  (bound (relation 2 "fence.rw.w") '() '())
  (bound (relation 2 "fence.r.rw") '() '())
  (bound (relation 2 "fence.r.r") '() '())
  (bound (relation 2 "fence.r.w") '() '())
  (bound (relation 2 "fence.w.rw") '() '())
  (bound (relation 2 "fence.w.r") '() '())
  (bound (relation 2 "fence.w.w") '() '())
  (bound (relation 2 "fence.tso") '() '())
  (bound (relation 2 "rmw") '() '())
  (bound (relation 1 "Amo") '() '())
  (bound (relation 1 "XLr") '((|1|) (|4|)) '((|1|) (|4|)))
  (bound (relation 1 "XSc") '() '())
  (bound (relation 1 "AQ") '((|1|) (|4|)) '((|1|) (|4|)))
  (bound (relation 1 "RL") '((|1|) (|4|)) '((|1|) (|4|)))
  (bound (relation 1 "Rcsc") '((|1|) (|4|)) '((|1|) (|4|)))
  (bound (relation 1 "AcqRel") '((|1|) (|4|)) '((|1|) (|4|)))
  (bound
   (relation 1 "Int")
   '((|0|) (|1|) (|2|) (|3|))
   '((|0|) (|1|) (|2|) (|3|)))
  (bound (relation 1 "Zero") '((|0|)) '((|0|)))
  (bound (relation 2 "finalValueNotZero") '((|3| |1|)) '((|3| |1|)))
  (bound (relation 2 "finalValueZero") '((|1| |0|)) '((|1| |0|)))))
reads: 
'((|1|) (|2|) (|4|) (|5|))
writes:
'((|0|) (|3|))
event->locs:
(hash
 '|0|
 (set '|0|)
 '|1|
 (set '|1|)
 '|2|
 (set '|2|)
 '|3|
 (set '|2|)
 '|4|
 (set '|3|)
 '|5|
 (set '|0|))
event->vals:
(hash
 '|0|
 (set '|1|)
 '|1|
 (set '|0|)
 '|2|
 (set '|1|)
 '|3|
 (set '|1|)
 '|4|
 (set '|0|)
 '|5|
 (set '|0|))
lv->writes:
(hash '(|2| . |1|) (set '|3|) '(|0| . |1|) (set '|0|))
event_loc_U:
'((|2| |2|) (|3| |2|) (|0| |0|) (|1| |1|) (|4| |3|) (|5| |0|))
event_loc_L:
'((|2| |2|) (|3| |2|) (|0| |0|) (|1| |1|) (|4| |3|) (|5| |0|))
event_val_U:
'((|2| |1|) (|3| |1|) (|0| |1|) (|1| |0|) (|4| |0|) (|5| |0|))
event_val_L:
'((|2| |1|) (|3| |1|) (|0| |1|) (|1| |0|) (|4| |0|) (|5| |0|))
read from init L
'((|1|) (|4|) (|5|))
read from init U
'((|1|) (|4|) (|5|))
from read init L
'((|5| |0|))
from read init U
'((|5| |0|))
from read initi L
'()
from read initi U
'()
from read inite L
'((|5| |0|))
from read inite U
'((|5| |0|))
rfi_U:
'()
rfi_L:
'|3|
bExec
(bounds
 (universe '(|0| |1| |2| |3| |4| |5|) #<procedure:...t/lang/universe.rkt:15:5>)
 (list
  (bound (relation 2 "rf") '((|3| |2|)) '((|3| |2|)))
  (bound (relation 2 "co") '() '())
  (bound (relation 2 "rfi") '() '())
  (bound (relation 2 "rfe") '((|3| |2|)) '((|3| |2|)))
  (bound (relation 2 "coi") '() '())
  (bound (relation 2 "coe") '() '())
  (bound (relation 2 "fr") '((|5| |0|)) '((|5| |0|)))
  (bound (relation 2 "fri") '() '())
  (bound (relation 2 "fre") '((|5| |0|)) '((|5| |0|)))
  (bound (relation 2 "rsw") '() '())
  (bound (relation 2 "fr_init") '((|5| |0|)) '((|5| |0|)))
  (bound
   (relation 2 "event_loc")
   '((|2| |2|) (|3| |2|) (|0| |0|) (|1| |1|) (|4| |3|) (|5| |0|))
   '((|2| |2|) (|3| |2|) (|0| |0|) (|1| |1|) (|4| |3|) (|5| |0|)))
  (bound
   (relation 2 "event_val")
   '((|2| |1|) (|3| |1|) (|0| |1|) (|1| |0|) (|4| |0|) (|5| |0|))
   '((|2| |1|) (|3| |1|) (|0| |1|) (|1| |0|) (|4| |0|) (|5| |0|)))))
Allow*
#f
#f
