allowed
'(RVWMOherd)
flagval
"0"
val
"1"
flagval
"1"
val
"1"
(litmus-test
 "LR-SC-NOT-FENCE"
 (Program
  (list
   (Thread
    0
    (list
     (Write 0 0 0 '() '() '() 'a 1 'P)
     (XLrInst 1 1 0 '() '() '() 'c 0 'AQRL)
     (XScInst 2 2 0 '() '() '() 'c 1 'AQRL)
     (Read 3 3 0 '() '() '() 'b 1 'P)))
   (Thread
    1
    (list
     (Write 4 0 1 '() '() '() 'b 1 'P)
     (XLrInst 5 1 1 '() '() '() 'd 0 'AQRL)
     (Read 6 3 1 '() '() '() 'a 1 'P)))))
 '((c 1) (d 0))
 '(RVWMOherd))
canonicalize
(Program
 (list
  (Thread
   0
   (list
    (Write 0 0 0 '() '() '() 0 1 'P)
    (XLrInst 1 1 0 '() '() '() 1 0 'AQRL)
    (XScInst 2 2 0 '() '() '() 1 1 'AQRL)
    (Read 3 3 0 '() '() '() 2 1 'P)))
  (Thread
   1
   (list
    (Write 4 0 1 '() '() '() 2 1 'P)
    (XLrInst 5 1 1 '() '() '() 3 0 'AQRL)
    (Read 6 3 1 '() '() '() 0 1 'P)))))
bProc
(bound
 (relation 2 "proc")
 '((|0| |0|) (|1| |0|) (|2| |0|) (|3| |0|) (|4| |1|) (|5| |1|) (|6| |1|))
 '((|0| |0|) (|1| |0|) (|2| |0|) (|3| |0|) (|4| |1|) (|5| |1|) (|6| |1|)))
bLoc
(bound
 (relation 2 "loc")
 '((|0| |0|) (|1| |1|) (|2| |1|) (|3| |2|) (|4| |2|) (|5| |3|) (|6| |0|))
 '((|0| |0|) (|1| |1|) (|2| |1|) (|3| |2|) (|4| |2|) (|5| |3|) (|6| |0|)))
bData
(bound
 (relation 2 "data")
 '((|0| |1|) (|1| |0|) (|2| |1|) (|3| |1|) (|4| |1|) (|5| |0|) (|6| |1|))
 '((|0| |1|) (|1| |0|) (|2| |1|) (|3| |1|) (|4| |1|) (|5| |0|) (|6| |1|)))
bPO
(bound
 (relation 2 "po")
 '((|0| |1|)
   (|0| |2|)
   (|0| |3|)
   (|1| |2|)
   (|1| |3|)
   (|2| |3|)
   (|4| |5|)
   (|4| |6|)
   (|5| |6|))
 '((|0| |1|)
   (|0| |2|)
   (|0| |3|)
   (|1| |2|)
   (|1| |3|)
   (|2| |3|)
   (|4| |5|)
   (|4| |6|)
   (|5| |6|)))
bPOLoc
(bound (relation 2 "po-loc") '((|1| |2|)) '((|1| |2|)))
bAddrDP
(bound (relation 2 "addrdeps") '() '())
bfinalValueNotZero
(bound (relation 2 "finalValueNotZero") '((|1| |1|)) '((|1| |1|)))
bfinalValueZero
(bound (relation 2 "finalValueZero") '((|3| |0|)) '((|3| |0|)))
bFence.rw.r
(bound (relation 2 "fence.rw.r") '() '())
bFence.tso
(bound (relation 2 "fence.tso") '() '())
end
bTest
(bounds
 (universe
  '(|0| |1| |2| |3| |4| |5| |6|)
  #<procedure:...t/lang/universe.rkt:15:5>)
 (list
  (bound
   (relation 1 "MemoryEvent")
   '((|0|) (|1|) (|2|) (|3|) (|4|) (|5|) (|6|))
   '((|0|) (|1|) (|2|) (|3|) (|4|) (|5|) (|6|)))
  (bound
   (relation 2 "proc")
   '((|0| |0|) (|1| |0|) (|2| |0|) (|3| |0|) (|4| |1|) (|5| |1|) (|6| |1|))
   '((|0| |0|) (|1| |0|) (|2| |0|) (|3| |0|) (|4| |1|) (|5| |1|) (|6| |1|)))
  (bound
   (relation 2 "loc")
   '((|0| |0|) (|1| |1|) (|2| |1|) (|3| |2|) (|4| |2|) (|5| |3|) (|6| |0|))
   '((|0| |0|) (|1| |1|) (|2| |1|) (|3| |2|) (|4| |2|) (|5| |3|) (|6| |0|)))
  (bound
   (relation 2 "data")
   '((|0| |1|) (|1| |0|) (|2| |1|) (|3| |1|) (|4| |1|) (|5| |0|) (|6| |1|))
   '((|0| |1|) (|1| |0|) (|2| |1|) (|3| |1|) (|4| |1|) (|5| |0|) (|6| |1|)))
  (bound
   (relation 2 "po")
   '((|0| |1|)
     (|0| |2|)
     (|0| |3|)
     (|1| |2|)
     (|1| |3|)
     (|2| |3|)
     (|4| |5|)
     (|4| |6|)
     (|5| |6|))
   '((|0| |1|)
     (|0| |2|)
     (|0| |3|)
     (|1| |2|)
     (|1| |3|)
     (|2| |3|)
     (|4| |5|)
     (|4| |6|)
     (|5| |6|)))
  (bound (relation 2 "po-loc") '((|1| |2|)) '((|1| |2|)))
  (bound (relation 2 "addrdeps") '() '())
  (bound (relation 2 "datadeps") '() '())
  (bound (relation 2 "ctrldeps") '() '())
  (bound
   (relation 2 "finalValue")
   '((|1| |1|) (|3| |0|))
   '((|1| |1|) (|3| |0|)))
  (bound
   (relation 1 "M")
   '((|0|) (|1|) (|2|) (|3|) (|4|) (|5|) (|6|))
   '((|0|) (|1|) (|2|) (|3|) (|4|) (|5|) (|6|)))
  (bound
   (relation 1 "R")
   '((|1|) (|3|) (|5|) (|6|))
   '((|1|) (|3|) (|5|) (|6|)))
  (bound (relation 1 "W") '((|0|) (|2|) (|4|)) '((|0|) (|2|) (|4|)))
  (bound (relation 2 "fence.rw.rw") '() '())
  (bound (relation 2 "fence.rw.r") '() '())
  (bound (relation 2 "fence.rw.w") '() '())
  (bound (relation 2 "fence.r.rw") '() '())
  (bound (relation 2 "fence.r.r") '() '())
  (bound (relation 2 "fence.r.w") '() '())
  (bound (relation 2 "fence.w.rw") '() '())
  (bound (relation 2 "fence.w.r") '() '())
  (bound (relation 2 "fence.w.w") '() '())
  (bound (relation 2 "fence.tso") '() '())
  (bound (relation 2 "rmw") '((|1| |2|)) '((|1| |2|)))
  (bound (relation 1 "Amo") '() '())
  (bound (relation 1 "XLr") '((|1|) (|5|)) '((|1|) (|5|)))
  (bound (relation 1 "XSc") '((|2|)) '((|2|)))
  (bound (relation 1 "AQ") '((|1|) (|2|) (|5|)) '((|1|) (|2|) (|5|)))
  (bound (relation 1 "RL") '((|1|) (|2|) (|5|)) '((|1|) (|2|) (|5|)))
  (bound (relation 1 "Rcsc") '((|1|) (|2|) (|5|)) '((|1|) (|2|) (|5|)))
  (bound (relation 1 "AcqRel") '((|1|) (|2|) (|5|)) '((|1|) (|2|) (|5|)))
  (bound
   (relation 1 "Int")
   '((|0|) (|1|) (|2|) (|3|))
   '((|0|) (|1|) (|2|) (|3|)))
  (bound (relation 1 "Zero") '((|0|)) '((|0|)))
  (bound (relation 2 "finalValueNotZero") '((|1| |1|)) '((|1| |1|)))
  (bound (relation 2 "finalValueZero") '((|3| |0|)) '((|3| |0|)))))
bnds: 
(bounds
 (universe
  '(|0| |1| |2| |3| |4| |5| |6|)
  #<procedure:...t/lang/universe.rkt:15:5>)
 (list
  (bound
   (relation 1 "MemoryEvent")
   '((|0|) (|1|) (|2|) (|3|) (|4|) (|5|) (|6|))
   '((|0|) (|1|) (|2|) (|3|) (|4|) (|5|) (|6|)))
  (bound
   (relation 2 "proc")
   '((|0| |0|) (|1| |0|) (|2| |0|) (|3| |0|) (|4| |1|) (|5| |1|) (|6| |1|))
   '((|0| |0|) (|1| |0|) (|2| |0|) (|3| |0|) (|4| |1|) (|5| |1|) (|6| |1|)))
  (bound
   (relation 2 "loc")
   '((|0| |0|) (|1| |1|) (|2| |1|) (|3| |2|) (|4| |2|) (|5| |3|) (|6| |0|))
   '((|0| |0|) (|1| |1|) (|2| |1|) (|3| |2|) (|4| |2|) (|5| |3|) (|6| |0|)))
  (bound
   (relation 2 "data")
   '((|0| |1|) (|1| |0|) (|2| |1|) (|3| |1|) (|4| |1|) (|5| |0|) (|6| |1|))
   '((|0| |1|) (|1| |0|) (|2| |1|) (|3| |1|) (|4| |1|) (|5| |0|) (|6| |1|)))
  (bound
   (relation 2 "po")
   '((|0| |1|)
     (|0| |2|)
     (|0| |3|)
     (|1| |2|)
     (|1| |3|)
     (|2| |3|)
     (|4| |5|)
     (|4| |6|)
     (|5| |6|))
   '((|0| |1|)
     (|0| |2|)
     (|0| |3|)
     (|1| |2|)
     (|1| |3|)
     (|2| |3|)
     (|4| |5|)
     (|4| |6|)
     (|5| |6|)))
  (bound (relation 2 "po-loc") '((|1| |2|)) '((|1| |2|)))
  (bound (relation 2 "addrdeps") '() '())
  (bound (relation 2 "datadeps") '() '())
  (bound (relation 2 "ctrldeps") '() '())
  (bound
   (relation 2 "finalValue")
   '((|1| |1|) (|3| |0|))
   '((|1| |1|) (|3| |0|)))
  (bound
   (relation 1 "M")
   '((|0|) (|1|) (|2|) (|3|) (|4|) (|5|) (|6|))
   '((|0|) (|1|) (|2|) (|3|) (|4|) (|5|) (|6|)))
  (bound
   (relation 1 "R")
   '((|1|) (|3|) (|5|) (|6|))
   '((|1|) (|3|) (|5|) (|6|)))
  (bound (relation 1 "W") '((|0|) (|2|) (|4|)) '((|0|) (|2|) (|4|)))
  (bound (relation 2 "fence.rw.rw") '() '())
  (bound (relation 2 "fence.rw.r") '() '())
  (bound (relation 2 "fence.rw.w") '() '())
  (bound (relation 2 "fence.r.rw") '() '())
  (bound (relation 2 "fence.r.r") '() '())
  (bound (relation 2 "fence.r.w") '() '())
  (bound (relation 2 "fence.w.rw") '() '())
  (bound (relation 2 "fence.w.r") '() '())
  (bound (relation 2 "fence.w.w") '() '())
  (bound (relation 2 "fence.tso") '() '())
  (bound (relation 2 "rmw") '((|1| |2|)) '((|1| |2|)))
  (bound (relation 1 "Amo") '() '())
  (bound (relation 1 "XLr") '((|1|) (|5|)) '((|1|) (|5|)))
  (bound (relation 1 "XSc") '((|2|)) '((|2|)))
  (bound (relation 1 "AQ") '((|1|) (|2|) (|5|)) '((|1|) (|2|) (|5|)))
  (bound (relation 1 "RL") '((|1|) (|2|) (|5|)) '((|1|) (|2|) (|5|)))
  (bound (relation 1 "Rcsc") '((|1|) (|2|) (|5|)) '((|1|) (|2|) (|5|)))
  (bound (relation 1 "AcqRel") '((|1|) (|2|) (|5|)) '((|1|) (|2|) (|5|)))
  (bound
   (relation 1 "Int")
   '((|0|) (|1|) (|2|) (|3|))
   '((|0|) (|1|) (|2|) (|3|)))
  (bound (relation 1 "Zero") '((|0|)) '((|0|)))
  (bound (relation 2 "finalValueNotZero") '((|1| |1|)) '((|1| |1|)))
  (bound (relation 2 "finalValueZero") '((|3| |0|)) '((|3| |0|)))))
reads: 
'((|1|) (|3|) (|5|) (|6|))
writes:
'((|0|) (|2|) (|4|))
event->locs:
(hash
 '|0|
 (set '|0|)
 '|1|
 (set '|1|)
 '|2|
 (set '|1|)
 '|3|
 (set '|2|)
 '|4|
 (set '|2|)
 '|5|
 (set '|3|)
 '|6|
 (set '|0|))
event->vals:
(hash
 '|0|
 (set '|1|)
 '|1|
 (set '|0|)
 '|2|
 (set '|1|)
 '|3|
 (set '|1|)
 '|4|
 (set '|1|)
 '|5|
 (set '|0|)
 '|6|
 (set '|1|))
lv->writes:
(hash '(|2| . |1|) (set '|4|) '(|0| . |1|) (set '|0|) '(|1| . |1|) (set '|2|))
event_loc_U:
'((|2| |1|) (|3| |2|) (|0| |0|) (|1| |1|) (|6| |0|) (|4| |2|) (|5| |3|))
event_loc_L:
'((|2| |1|) (|3| |2|) (|0| |0|) (|1| |1|) (|6| |0|) (|4| |2|) (|5| |3|))
event_val_U:
'((|2| |1|) (|3| |1|) (|0| |1|) (|1| |0|) (|6| |1|) (|4| |1|) (|5| |0|))
event_val_L:
'((|2| |1|) (|3| |1|) (|0| |1|) (|1| |0|) (|6| |1|) (|4| |1|) (|5| |0|))
read from init L
'((|1|) (|5|))
read from init U
'((|1|) (|5|))
from read init L
'((|1| |2|))
from read init U
'((|1| |2|))
from read initi L
'((|1| |2|))
from read initi U
'((|1| |2|))
from read inite L
'()
from read inite U
'()
rfi_U:
'()
rfi_L:
'|4|
rfi_L:
'|0|
bExec
(bounds
 (universe
  '(|0| |1| |2| |3| |4| |5| |6|)
  #<procedure:...t/lang/universe.rkt:15:5>)
 (list
  (bound (relation 2 "rf") '((|4| |3|) (|0| |6|)) '((|0| |6|) (|4| |3|)))
  (bound (relation 2 "co") '() '())
  (bound (relation 2 "rfi") '() '())
  (bound (relation 2 "rfe") '((|4| |3|) (|0| |6|)) '((|0| |6|) (|4| |3|)))
  (bound (relation 2 "coi") '() '())
  (bound (relation 2 "coe") '() '())
  (bound (relation 2 "fr") '((|1| |2|)) '((|1| |2|)))
  (bound (relation 2 "fri") '((|1| |2|)) '((|1| |2|)))
  (bound (relation 2 "fre") '() '())
  (bound (relation 2 "rsw") '() '())
  (bound (relation 2 "fr_init") '((|1| |2|)) '((|1| |2|)))
  (bound
   (relation 2 "event_loc")
   '((|2| |1|) (|3| |2|) (|0| |0|) (|1| |1|) (|6| |0|) (|4| |2|) (|5| |3|))
   '((|2| |1|) (|3| |2|) (|0| |0|) (|1| |1|) (|6| |0|) (|4| |2|) (|5| |3|)))
  (bound
   (relation 2 "event_val")
   '((|2| |1|) (|3| |1|) (|0| |1|) (|1| |0|) (|6| |1|) (|4| |1|) (|5| |0|))
   '((|2| |1|) (|3| |1|) (|0| |1|) (|1| |0|) (|6| |1|) (|4| |1|) (|5| |0|)))))
Allow*
#t
#t
