allowed
'(RVWMOherd)
addr
"y"
flag
"x0"
loadval
#f
addr
"y"
flag
"x0"
loadval
#f
val
"1"
(litmus-test
 "R+popar+poarp+NEW"
 (Program
  (list
   (Thread
    0
    (list
     (Write 0 0 0 '() '() '() 'x 1 'P)
     (Write 1 1 0 '() '() '() 'y 1 'AQRL)))
   (Thread
    1
    (list
     (Write 2 0 1 '() '() '() 'y 2 'AQRL)
     (Read 3 1 1 '() '() '() 'x 1 'P)))))
 '((y 2))
 '(RVWMOherd))
canonicalize
(Program
 (list
  (Thread
   0
   (list (Write 0 0 0 '() '() '() 0 1 'P) (Write 1 1 0 '() '() '() 1 1 'AQRL)))
  (Thread
   1
   (list
    (Write 2 0 1 '() '() '() 1 2 'AQRL)
    (Read 3 1 1 '() '() '() 0 1 'P)))))
bProc
(bound
 (relation 2 "proc")
 '((|0| |0|) (|1| |0|) (|2| |1|) (|3| |1|))
 '((|0| |0|) (|1| |0|) (|2| |1|) (|3| |1|)))
bLoc
(bound
 (relation 2 "loc")
 '((|0| |0|) (|1| |1|) (|2| |1|) (|3| |0|))
 '((|0| |0|) (|1| |1|) (|2| |1|) (|3| |0|)))
bData
(bound
 (relation 2 "data")
 '((|0| |1|) (|1| |1|) (|2| |2|) (|3| |1|))
 '((|0| |1|) (|1| |1|) (|2| |2|) (|3| |1|)))
bPO
(bound (relation 2 "po") '((|0| |1|) (|2| |3|)) '((|0| |1|) (|2| |3|)))
bPOLoc
(bound (relation 2 "po-loc") '() '())
bAddrDP
(bound (relation 2 "addrdeps") '() '())
bfinalValueNotZero
(bound (relation 2 "finalValueNotZero") '((|1| |2|)) '((|1| |2|)))
bfinalValueZero
(bound (relation 2 "finalValueZero") '() '())
bFence.rw.r
(bound (relation 2 "fence.rw.r") '() '())
bFence.tso
(bound (relation 2 "fence.tso") '() '())
end
bTest
(bounds
 (universe '(|0| |1| |2| |3|) #<procedure:...t/lang/universe.rkt:15:5>)
 (list
  (bound
   (relation 1 "MemoryEvent")
   '((|0|) (|1|) (|2|) (|3|))
   '((|0|) (|1|) (|2|) (|3|)))
  (bound
   (relation 2 "proc")
   '((|0| |0|) (|1| |0|) (|2| |1|) (|3| |1|))
   '((|0| |0|) (|1| |0|) (|2| |1|) (|3| |1|)))
  (bound
   (relation 2 "loc")
   '((|0| |0|) (|1| |1|) (|2| |1|) (|3| |0|))
   '((|0| |0|) (|1| |1|) (|2| |1|) (|3| |0|)))
  (bound
   (relation 2 "data")
   '((|0| |1|) (|1| |1|) (|2| |2|) (|3| |1|))
   '((|0| |1|) (|1| |1|) (|2| |2|) (|3| |1|)))
  (bound (relation 2 "po") '((|0| |1|) (|2| |3|)) '((|0| |1|) (|2| |3|)))
  (bound (relation 2 "po-loc") '() '())
  (bound (relation 2 "addrdeps") '() '())
  (bound (relation 2 "datadeps") '() '())
  (bound (relation 2 "ctrldeps") '() '())
  (bound (relation 2 "finalValue") '((|1| |2|)) '((|1| |2|)))
  (bound
   (relation 1 "M")
   '((|0|) (|1|) (|2|) (|3|))
   '((|0|) (|1|) (|2|) (|3|)))
  (bound (relation 1 "R") '((|3|)) '((|3|)))
  (bound (relation 1 "W") '((|0|) (|1|) (|2|)) '((|0|) (|1|) (|2|)))
  (bound (relation 2 "fence.rw.rw") '() '())
  (bound (relation 2 "fence.rw.r") '() '())
  (bound (relation 2 "fence.rw.w") '() '())
  (bound (relation 2 "fence.r.rw") '() '())
  (bound (relation 2 "fence.r.r") '() '())
  (bound (relation 2 "fence.r.w") '() '())
  (bound (relation 2 "fence.w.rw") '() '())
  (bound (relation 2 "fence.w.r") '() '())
  (bound (relation 2 "fence.w.w") '() '())
  (bound (relation 2 "fence.tso") '() '())
  (bound (relation 2 "rmw") '() '())
  (bound (relation 1 "Amo") '() '())
  (bound (relation 1 "XLr") '() '())
  (bound (relation 1 "XSc") '() '())
  (bound (relation 1 "AQ") '((|1|) (|2|)) '((|1|) (|2|)))
  (bound (relation 1 "RL") '((|1|) (|2|)) '((|1|) (|2|)))
  (bound (relation 1 "Rcsc") '((|1|) (|2|)) '((|1|) (|2|)))
  (bound (relation 1 "AcqRel") '((|1|) (|2|)) '((|1|) (|2|)))
  (bound (relation 1 "Int") '((|0|) (|1|) (|2|)) '((|0|) (|1|) (|2|)))
  (bound (relation 1 "Zero") '((|0|)) '((|0|)))
  (bound (relation 2 "finalValueNotZero") '((|1| |2|)) '((|1| |2|)))
  (bound (relation 2 "finalValueZero") '() '())))
bnds: 
(bounds
 (universe '(|0| |1| |2| |3|) #<procedure:...t/lang/universe.rkt:15:5>)
 (list
  (bound
   (relation 1 "MemoryEvent")
   '((|0|) (|1|) (|2|) (|3|))
   '((|0|) (|1|) (|2|) (|3|)))
  (bound
   (relation 2 "proc")
   '((|0| |0|) (|1| |0|) (|2| |1|) (|3| |1|))
   '((|0| |0|) (|1| |0|) (|2| |1|) (|3| |1|)))
  (bound
   (relation 2 "loc")
   '((|0| |0|) (|1| |1|) (|2| |1|) (|3| |0|))
   '((|0| |0|) (|1| |1|) (|2| |1|) (|3| |0|)))
  (bound
   (relation 2 "data")
   '((|0| |1|) (|1| |1|) (|2| |2|) (|3| |1|))
   '((|0| |1|) (|1| |1|) (|2| |2|) (|3| |1|)))
  (bound (relation 2 "po") '((|0| |1|) (|2| |3|)) '((|0| |1|) (|2| |3|)))
  (bound (relation 2 "po-loc") '() '())
  (bound (relation 2 "addrdeps") '() '())
  (bound (relation 2 "datadeps") '() '())
  (bound (relation 2 "ctrldeps") '() '())
  (bound (relation 2 "finalValue") '((|1| |2|)) '((|1| |2|)))
  (bound
   (relation 1 "M")
   '((|0|) (|1|) (|2|) (|3|))
   '((|0|) (|1|) (|2|) (|3|)))
  (bound (relation 1 "R") '((|3|)) '((|3|)))
  (bound (relation 1 "W") '((|0|) (|1|) (|2|)) '((|0|) (|1|) (|2|)))
  (bound (relation 2 "fence.rw.rw") '() '())
  (bound (relation 2 "fence.rw.r") '() '())
  (bound (relation 2 "fence.rw.w") '() '())
  (bound (relation 2 "fence.r.rw") '() '())
  (bound (relation 2 "fence.r.r") '() '())
  (bound (relation 2 "fence.r.w") '() '())
  (bound (relation 2 "fence.w.rw") '() '())
  (bound (relation 2 "fence.w.r") '() '())
  (bound (relation 2 "fence.w.w") '() '())
  (bound (relation 2 "fence.tso") '() '())
  (bound (relation 2 "rmw") '() '())
  (bound (relation 1 "Amo") '() '())
  (bound (relation 1 "XLr") '() '())
  (bound (relation 1 "XSc") '() '())
  (bound (relation 1 "AQ") '((|1|) (|2|)) '((|1|) (|2|)))
  (bound (relation 1 "RL") '((|1|) (|2|)) '((|1|) (|2|)))
  (bound (relation 1 "Rcsc") '((|1|) (|2|)) '((|1|) (|2|)))
  (bound (relation 1 "AcqRel") '((|1|) (|2|)) '((|1|) (|2|)))
  (bound (relation 1 "Int") '((|0|) (|1|) (|2|)) '((|0|) (|1|) (|2|)))
  (bound (relation 1 "Zero") '((|0|)) '((|0|)))
  (bound (relation 2 "finalValueNotZero") '((|1| |2|)) '((|1| |2|)))
  (bound (relation 2 "finalValueZero") '() '())))
reads: 
'((|3|))
writes:
'((|0|) (|1|) (|2|))
event->locs:
(hash '|0| (set '|0|) '|1| (set '|1|) '|2| (set '|1|) '|3| (set '|0|))
event->vals:
(hash '|0| (set '|1|) '|1| (set '|1|) '|2| (set '|2|) '|3| (set '|1|))
lv->writes:
(hash '(|1| . |2|) (set '|2|) '(|0| . |1|) (set '|0|) '(|1| . |1|) (set '|1|))
event_loc_U:
'((|2| |1|) (|3| |0|) (|0| |0|) (|1| |1|))
event_loc_L:
'((|2| |1|) (|3| |0|) (|0| |0|) (|1| |1|))
event_val_U:
'((|2| |2|) (|3| |1|) (|0| |1|) (|1| |1|))
event_val_L:
'((|2| |2|) (|3| |1|) (|0| |1|) (|1| |1|))
read from init L
'()
read from init U
'()
from read init L
'()
from read init U
'()
from read initi L
'()
from read initi U
'()
from read inite L
'()
from read inite U
'()
rfi_U:
'()
rfi_L:
'|0|
bExec
(bounds
 (universe '(|0| |1| |2| |3|) #<procedure:...t/lang/universe.rkt:15:5>)
 (list
  (bound (relation 2 "rf") '((|0| |3|)) '((|0| |3|)))
  (bound (relation 2 "co") '((|1| |2|)) '((|1| |2|)))
  (bound (relation 2 "rfi") '() '())
  (bound (relation 2 "rfe") '((|0| |3|)) '((|0| |3|)))
  (bound (relation 2 "coi") '() '())
  (bound (relation 2 "coe") '((|1| |2|)) '((|1| |2|)))
  (bound (relation 2 "fr") '() '())
  (bound (relation 2 "fri") '() '())
  (bound (relation 2 "fre") '() '())
  (bound (relation 2 "rsw") '() '())
  (bound (relation 2 "fr_init") '() '())
  (bound
   (relation 2 "event_loc")
   '((|2| |1|) (|3| |0|) (|0| |0|) (|1| |1|))
   '((|2| |1|) (|3| |0|) (|0| |0|) (|1| |1|)))
  (bound
   (relation 2 "event_val")
   '((|2| |2|) (|3| |1|) (|0| |1|) (|1| |1|))
   '((|2| |2|) (|3| |1|) (|0| |1|) (|1| |1|)))))
Allow*
#t
#t
