val
"1"
val
"2"
val
"0"
val
"1"
(litmus-test
 "LB+fri-rfi-datas"
 (Program
  (list
   (Thread
    0
    (list
     (Read 0 0 0 '() '() '() 'x 1 'P)
     (Write 1 1 0 '() '() '() 'x 2 'P)
     (Read 2 2 0 '() '() '() 'x 2 'P)
     (Write 3 3 0 '() '(2) '() 'y 1 'P)))
   (Thread
    1
    (list
     (Read 4 0 1 '() '() '() 'y 0 'P)
     (Write 5 1 1 '() '() '() 'y 2 'P)
     (Read 6 2 1 '() '() '() 'y 1 'P)
     (Write 7 3 1 '() '(2) '() 'x 1 'P)))))
 '((y 1) (x 2))
 '())
canonicalize
(Program
 (list
  (Thread
   0
   (list
    (Read 0 0 0 '() '() '() 0 1 'P)
    (Write 1 1 0 '() '() '() 0 2 'P)
    (Read 2 2 0 '() '() '() 0 2 'P)
    (Write 3 3 0 '() '(2) '() 1 1 'P)))
  (Thread
   1
   (list
    (Read 4 0 1 '() '() '() 1 0 'P)
    (Write 5 1 1 '() '() '() 1 2 'P)
    (Read 6 2 1 '() '() '() 1 1 'P)
    (Write 7 3 1 '() '(2) '() 0 1 'P)))))
bProc
(bound
 (relation 2 "proc")
 '((|0| |0|)
   (|1| |0|)
   (|2| |0|)
   (|3| |0|)
   (|4| |1|)
   (|5| |1|)
   (|6| |1|)
   (|7| |1|))
 '((|0| |0|)
   (|1| |0|)
   (|2| |0|)
   (|3| |0|)
   (|4| |1|)
   (|5| |1|)
   (|6| |1|)
   (|7| |1|)))
bLoc
(bound
 (relation 2 "loc")
 '((|0| |0|)
   (|1| |0|)
   (|2| |0|)
   (|3| |1|)
   (|4| |1|)
   (|5| |1|)
   (|6| |1|)
   (|7| |0|))
 '((|0| |0|)
   (|1| |0|)
   (|2| |0|)
   (|3| |1|)
   (|4| |1|)
   (|5| |1|)
   (|6| |1|)
   (|7| |0|)))
bData
(bound
 (relation 2 "data")
 '((|0| |1|)
   (|1| |2|)
   (|2| |2|)
   (|3| |1|)
   (|4| |0|)
   (|5| |2|)
   (|6| |1|)
   (|7| |1|))
 '((|0| |1|)
   (|1| |2|)
   (|2| |2|)
   (|3| |1|)
   (|4| |0|)
   (|5| |2|)
   (|6| |1|)
   (|7| |1|)))
bPO
(bound
 (relation 2 "po")
 '((|0| |1|)
   (|0| |2|)
   (|0| |3|)
   (|1| |2|)
   (|1| |3|)
   (|2| |3|)
   (|4| |5|)
   (|4| |6|)
   (|4| |7|)
   (|5| |6|)
   (|5| |7|)
   (|6| |7|))
 '((|0| |1|)
   (|0| |2|)
   (|0| |3|)
   (|1| |2|)
   (|1| |3|)
   (|2| |3|)
   (|4| |5|)
   (|4| |6|)
   (|4| |7|)
   (|5| |6|)
   (|5| |7|)
   (|6| |7|)))
bPOLoc
(bound
 (relation 2 "po-loc")
 '((|0| |1|) (|0| |2|) (|1| |2|) (|4| |5|) (|4| |6|) (|5| |6|))
 '((|0| |1|) (|0| |2|) (|1| |2|) (|4| |5|) (|4| |6|) (|5| |6|)))
bAddrDP
(bound (relation 2 "addrdeps") '() '())
bfinalValueNotZero
(bound
 (relation 2 "finalValueNotZero")
 '((|1| |1|) (|0| |2|))
 '((|1| |1|) (|0| |2|)))
bFence.rw.r
(bound (relation 2 "fence.rw.r") '() '())
bFence.tso
(bound (relation 2 "fence.tso") '() '())
end
bTest
(bounds
 (universe
  '(|0| |1| |2| |3| |4| |5| |6| |7|)
  #<procedure:...t/lang/universe.rkt:15:5>)
 (list
  (bound
   (relation 1 "MemoryEvent")
   '((|0|) (|1|) (|2|) (|3|) (|4|) (|5|) (|6|) (|7|))
   '((|0|) (|1|) (|2|) (|3|) (|4|) (|5|) (|6|) (|7|)))
  (bound
   (relation 2 "proc")
   '((|0| |0|)
     (|1| |0|)
     (|2| |0|)
     (|3| |0|)
     (|4| |1|)
     (|5| |1|)
     (|6| |1|)
     (|7| |1|))
   '((|0| |0|)
     (|1| |0|)
     (|2| |0|)
     (|3| |0|)
     (|4| |1|)
     (|5| |1|)
     (|6| |1|)
     (|7| |1|)))
  (bound
   (relation 2 "loc")
   '((|0| |0|)
     (|1| |0|)
     (|2| |0|)
     (|3| |1|)
     (|4| |1|)
     (|5| |1|)
     (|6| |1|)
     (|7| |0|))
   '((|0| |0|)
     (|1| |0|)
     (|2| |0|)
     (|3| |1|)
     (|4| |1|)
     (|5| |1|)
     (|6| |1|)
     (|7| |0|)))
  (bound
   (relation 2 "data")
   '((|0| |1|)
     (|1| |2|)
     (|2| |2|)
     (|3| |1|)
     (|4| |0|)
     (|5| |2|)
     (|6| |1|)
     (|7| |1|))
   '((|0| |1|)
     (|1| |2|)
     (|2| |2|)
     (|3| |1|)
     (|4| |0|)
     (|5| |2|)
     (|6| |1|)
     (|7| |1|)))
  (bound
   (relation 2 "po")
   '((|0| |1|)
     (|0| |2|)
     (|0| |3|)
     (|1| |2|)
     (|1| |3|)
     (|2| |3|)
     (|4| |5|)
     (|4| |6|)
     (|4| |7|)
     (|5| |6|)
     (|5| |7|)
     (|6| |7|))
   '((|0| |1|)
     (|0| |2|)
     (|0| |3|)
     (|1| |2|)
     (|1| |3|)
     (|2| |3|)
     (|4| |5|)
     (|4| |6|)
     (|4| |7|)
     (|5| |6|)
     (|5| |7|)
     (|6| |7|)))
  (bound
   (relation 2 "po-loc")
   '((|0| |1|) (|0| |2|) (|1| |2|) (|4| |5|) (|4| |6|) (|5| |6|))
   '((|0| |1|) (|0| |2|) (|1| |2|) (|4| |5|) (|4| |6|) (|5| |6|)))
  (bound (relation 2 "addrdeps") '() '())
  (bound (relation 2 "datadeps") '((|2| |3|) (|6| |7|)) '((|2| |3|) (|6| |7|)))
  (bound (relation 2 "ctrldeps") '() '())
  (bound
   (relation 2 "finalValue")
   '((|1| |1|) (|0| |2|))
   '((|1| |1|) (|0| |2|)))
  (bound
   (relation 1 "M")
   '((|0|) (|1|) (|2|) (|3|) (|4|) (|5|) (|6|) (|7|))
   '((|0|) (|1|) (|2|) (|3|) (|4|) (|5|) (|6|) (|7|)))
  (bound
   (relation 1 "R")
   '((|0|) (|2|) (|4|) (|6|))
   '((|0|) (|2|) (|4|) (|6|)))
  (bound
   (relation 1 "W")
   '((|1|) (|3|) (|5|) (|7|))
   '((|1|) (|3|) (|5|) (|7|)))
  (bound (relation 2 "fence.rw.rw") '() '())
  (bound (relation 2 "fence.rw.r") '() '())
  (bound (relation 2 "fence.rw.w") '() '())
  (bound (relation 2 "fence.r.rw") '() '())
  (bound (relation 2 "fence.r.r") '() '())
  (bound (relation 2 "fence.r.w") '() '())
  (bound (relation 2 "fence.w.rw") '() '())
  (bound (relation 2 "fence.w.r") '() '())
  (bound (relation 2 "fence.w.w") '() '())
  (bound (relation 2 "fence.tso") '() '())
  (bound (relation 2 "rmw") '() '())
  (bound (relation 1 "Amo") '() '())
  (bound (relation 1 "XLr") '() '())
  (bound (relation 1 "XSc") '() '())
  (bound (relation 1 "AQ") '() '())
  (bound (relation 1 "RL") '() '())
  (bound (relation 1 "Rcsc") '() '())
  (bound (relation 1 "AcqRel") '() '())
  (bound (relation 1 "Int") '((|0|) (|1|) (|2|)) '((|0|) (|1|) (|2|)))
  (bound (relation 1 "Zero") '((|0|)) '((|0|)))
  (bound
   (relation 2 "finalValueNotZero")
   '((|1| |1|) (|0| |2|))
   '((|1| |1|) (|0| |2|)))))
bnds: 
(bounds
 (universe
  '(|0| |1| |2| |3| |4| |5| |6| |7|)
  #<procedure:...t/lang/universe.rkt:15:5>)
 (list
  (bound
   (relation 1 "MemoryEvent")
   '((|0|) (|1|) (|2|) (|3|) (|4|) (|5|) (|6|) (|7|))
   '((|0|) (|1|) (|2|) (|3|) (|4|) (|5|) (|6|) (|7|)))
  (bound
   (relation 2 "proc")
   '((|0| |0|)
     (|1| |0|)
     (|2| |0|)
     (|3| |0|)
     (|4| |1|)
     (|5| |1|)
     (|6| |1|)
     (|7| |1|))
   '((|0| |0|)
     (|1| |0|)
     (|2| |0|)
     (|3| |0|)
     (|4| |1|)
     (|5| |1|)
     (|6| |1|)
     (|7| |1|)))
  (bound
   (relation 2 "loc")
   '((|0| |0|)
     (|1| |0|)
     (|2| |0|)
     (|3| |1|)
     (|4| |1|)
     (|5| |1|)
     (|6| |1|)
     (|7| |0|))
   '((|0| |0|)
     (|1| |0|)
     (|2| |0|)
     (|3| |1|)
     (|4| |1|)
     (|5| |1|)
     (|6| |1|)
     (|7| |0|)))
  (bound
   (relation 2 "data")
   '((|0| |1|)
     (|1| |2|)
     (|2| |2|)
     (|3| |1|)
     (|4| |0|)
     (|5| |2|)
     (|6| |1|)
     (|7| |1|))
   '((|0| |1|)
     (|1| |2|)
     (|2| |2|)
     (|3| |1|)
     (|4| |0|)
     (|5| |2|)
     (|6| |1|)
     (|7| |1|)))
  (bound
   (relation 2 "po")
   '((|0| |1|)
     (|0| |2|)
     (|0| |3|)
     (|1| |2|)
     (|1| |3|)
     (|2| |3|)
     (|4| |5|)
     (|4| |6|)
     (|4| |7|)
     (|5| |6|)
     (|5| |7|)
     (|6| |7|))
   '((|0| |1|)
     (|0| |2|)
     (|0| |3|)
     (|1| |2|)
     (|1| |3|)
     (|2| |3|)
     (|4| |5|)
     (|4| |6|)
     (|4| |7|)
     (|5| |6|)
     (|5| |7|)
     (|6| |7|)))
  (bound
   (relation 2 "po-loc")
   '((|0| |1|) (|0| |2|) (|1| |2|) (|4| |5|) (|4| |6|) (|5| |6|))
   '((|0| |1|) (|0| |2|) (|1| |2|) (|4| |5|) (|4| |6|) (|5| |6|)))
  (bound (relation 2 "addrdeps") '() '())
  (bound (relation 2 "datadeps") '((|2| |3|) (|6| |7|)) '((|2| |3|) (|6| |7|)))
  (bound (relation 2 "ctrldeps") '() '())
  (bound
   (relation 2 "finalValue")
   '((|1| |1|) (|0| |2|))
   '((|1| |1|) (|0| |2|)))
  (bound
   (relation 1 "M")
   '((|0|) (|1|) (|2|) (|3|) (|4|) (|5|) (|6|) (|7|))
   '((|0|) (|1|) (|2|) (|3|) (|4|) (|5|) (|6|) (|7|)))
  (bound
   (relation 1 "R")
   '((|0|) (|2|) (|4|) (|6|))
   '((|0|) (|2|) (|4|) (|6|)))
  (bound
   (relation 1 "W")
   '((|1|) (|3|) (|5|) (|7|))
   '((|1|) (|3|) (|5|) (|7|)))
  (bound (relation 2 "fence.rw.rw") '() '())
  (bound (relation 2 "fence.rw.r") '() '())
  (bound (relation 2 "fence.rw.w") '() '())
  (bound (relation 2 "fence.r.rw") '() '())
  (bound (relation 2 "fence.r.r") '() '())
  (bound (relation 2 "fence.r.w") '() '())
  (bound (relation 2 "fence.w.rw") '() '())
  (bound (relation 2 "fence.w.r") '() '())
  (bound (relation 2 "fence.w.w") '() '())
  (bound (relation 2 "fence.tso") '() '())
  (bound (relation 2 "rmw") '() '())
  (bound (relation 1 "Amo") '() '())
  (bound (relation 1 "XLr") '() '())
  (bound (relation 1 "XSc") '() '())
  (bound (relation 1 "AQ") '() '())
  (bound (relation 1 "RL") '() '())
  (bound (relation 1 "Rcsc") '() '())
  (bound (relation 1 "AcqRel") '() '())
  (bound (relation 1 "Int") '((|0|) (|1|) (|2|)) '((|0|) (|1|) (|2|)))
  (bound (relation 1 "Zero") '((|0|)) '((|0|)))
  (bound
   (relation 2 "finalValueNotZero")
   '((|1| |1|) (|0| |2|))
   '((|1| |1|) (|0| |2|)))))
reads: 
'((|0|) (|2|) (|4|) (|6|))
writes:
'((|1|) (|3|) (|5|) (|7|))
event->locs:
(hash
 '|0|
 (set '|0|)
 '|1|
 (set '|0|)
 '|2|
 (set '|0|)
 '|3|
 (set '|1|)
 '|4|
 (set '|1|)
 '|5|
 (set '|1|)
 '|6|
 (set '|1|)
 '|7|
 (set '|0|))
event->vals:
(hash
 '|0|
 (set '|1|)
 '|1|
 (set '|2|)
 '|2|
 (set '|2|)
 '|3|
 (set '|1|)
 '|4|
 (set '|0|)
 '|5|
 (set '|2|)
 '|6|
 (set '|1|)
 '|7|
 (set '|1|))
lv->writes:
(hash
 '(|0| . |2|)
 (set '|1|)
 '(|1| . |2|)
 (set '|5|)
 '(|0| . |1|)
 (set '|7|)
 '(|1| . |1|)
 (set '|3|))
event_loc_U:
'((|2| |0|)
  (|3| |1|)
  (|0| |0|)
  (|1| |0|)
  (|6| |1|)
  (|7| |0|)
  (|4| |1|)
  (|5| |1|))
event_loc_L:
'((|2| |0|)
  (|3| |1|)
  (|0| |0|)
  (|1| |0|)
  (|6| |1|)
  (|7| |0|)
  (|4| |1|)
  (|5| |1|))
event_val_U:
'((|2| |2|)
  (|3| |1|)
  (|0| |1|)
  (|1| |2|)
  (|6| |1|)
  (|7| |1|)
  (|4| |0|)
  (|5| |2|))
event_val_L:
'((|2| |2|)
  (|3| |1|)
  (|0| |1|)
  (|1| |2|)
  (|6| |1|)
  (|7| |1|)
  (|4| |0|)
  (|5| |2|))
read from init L
'((|4|))
read from init U
'((|4|))
from read init L
'((|4| |3|) (|4| |5|))
from read init U
'((|4| |3|) (|4| |5|))
from read initi L
'((|4| |5|))
from read initi U
'((|4| |5|))
from read inite L
'((|4| |3|))
from read inite U
'((|4| |3|))
rfi_U:
'((|1| |2|))
rfi_L:
'|1|
rfi_L:
'|7|
rfi_L:
'|3|
bExec
(bounds
 (universe
  '(|0| |1| |2| |3| |4| |5| |6| |7|)
  #<procedure:...t/lang/universe.rkt:15:5>)
 (list
  (bound
   (relation 2 "rf")
   '((|7| |0|) (|1| |2|) (|3| |6|))
   '((|1| |2|) (|3| |6|) (|7| |0|)))
  (bound (relation 2 "co") '((|7| |1|) (|5| |3|)) '((|5| |3|) (|7| |1|)))
  (bound (relation 2 "rfi") '((|1| |2|)) '((|1| |2|)))
  (bound (relation 2 "rfe") '((|7| |0|) (|3| |6|)) '((|3| |6|) (|7| |0|)))
  (bound (relation 2 "coi") '() '())
  (bound (relation 2 "coe") '((|7| |1|) (|5| |3|)) '((|5| |3|) (|7| |1|)))
  (bound
   (relation 2 "fr")
   '((|4| |5|) (|4| |3|) (|0| |1|))
   '((|4| |5|) (|4| |3|) (|0| |1|)))
  (bound (relation 2 "fri") '((|4| |5|) (|0| |1|)) '((|4| |5|) (|0| |1|)))
  (bound (relation 2 "fre") '((|4| |3|)) '((|4| |3|)))
  (bound (relation 2 "rsw") '() '())
  (bound (relation 2 "fr_init") '((|4| |3|) (|4| |5|)) '((|4| |3|) (|4| |5|)))
  (bound
   (relation 2 "event_loc")
   '((|2| |0|)
     (|3| |1|)
     (|0| |0|)
     (|1| |0|)
     (|6| |1|)
     (|7| |0|)
     (|4| |1|)
     (|5| |1|))
   '((|2| |0|)
     (|3| |1|)
     (|0| |0|)
     (|1| |0|)
     (|6| |1|)
     (|7| |0|)
     (|4| |1|)
     (|5| |1|)))
  (bound
   (relation 2 "event_val")
   '((|2| |2|)
     (|3| |1|)
     (|0| |1|)
     (|1| |2|)
     (|6| |1|)
     (|7| |1|)
     (|4| |0|)
     (|5| |2|))
   '((|2| |2|)
     (|3| |1|)
     (|0| |1|)
     (|1| |2|)
     (|6| |1|)
     (|7| |1|)
     (|4| |0|)
     (|5| |2|)))))
Allow*
#t
#t
