val
"0"
val
"0"
val
"0"
val
"1"
(litmus-test
 "RSW+W"
 (Program
  (list
   (Thread
    0
    (list
     (Write 0 0 0 '() '() '() 'x 1 'P)
     (Fence 1 1 0 '() '() '() 0 0 'fence.rw.rw)
     (Write 2 2 0 '() '() '() 'z 1 'P)
     (Fence 3 3 0 '() '() '() 0 0 'fence.rw.rw)
     (Write 4 4 0 '() '() '() 'y 1 'P)))
   (Thread
    1
    (list
     (Read 5 0 1 '() '() '() 'y 0 'P)
     (Read 6 1 1 '(0) '() '() 'z 0 'P)
     (Read 7 2 1 '() '() '() 'z 0 'P)
     (Read 8 3 1 '(2) '() '() 'x 1 'P)))))
 '()
 '())
canonicalize
(Program
 (list
  (Thread
   0
   (list
    (Write 0 0 0 '() '() '() 0 1 'P)
    (Fence 1 1 0 '() '() '() 'x 0 'fence.rw.rw)
    (Write 2 2 0 '() '() '() 1 1 'P)
    (Fence 3 3 0 '() '() '() 'x 0 'fence.rw.rw)
    (Write 4 4 0 '() '() '() 2 1 'P)))
  (Thread
   1
   (list
    (Read 5 0 1 '() '() '() 2 0 'P)
    (Read 6 1 1 '(0) '() '() 1 0 'P)
    (Read 7 2 1 '() '() '() 1 0 'P)
    (Read 8 3 1 '(2) '() '() 0 1 'P)))))
bProc
(bound
 (relation 2 "proc")
 '((|0| |0|)
   (|1| |0|)
   (|2| |0|)
   (|3| |0|)
   (|4| |0|)
   (|5| |1|)
   (|6| |1|)
   (|7| |1|)
   (|8| |1|))
 '((|0| |0|)
   (|1| |0|)
   (|2| |0|)
   (|3| |0|)
   (|4| |0|)
   (|5| |1|)
   (|6| |1|)
   (|7| |1|)
   (|8| |1|)))
bLoc
(bound
 (relation 2 "loc")
 '((|0| |0|) (|2| |1|) (|4| |2|) (|5| |2|) (|6| |1|) (|7| |1|) (|8| |0|))
 '((|0| |0|) (|2| |1|) (|4| |2|) (|5| |2|) (|6| |1|) (|7| |1|) (|8| |0|)))
bData
(bound
 (relation 2 "data")
 '((|0| |1|) (|2| |1|) (|4| |1|) (|5| |0|) (|6| |0|) (|7| |0|) (|8| |1|))
 '((|0| |1|) (|2| |1|) (|4| |1|) (|5| |0|) (|6| |0|) (|7| |0|) (|8| |1|)))
bPO
(bound
 (relation 2 "po")
 '((|0| |1|)
   (|0| |2|)
   (|0| |3|)
   (|0| |4|)
   (|1| |2|)
   (|1| |3|)
   (|1| |4|)
   (|2| |3|)
   (|2| |4|)
   (|3| |4|)
   (|5| |6|)
   (|5| |7|)
   (|5| |8|)
   (|6| |7|)
   (|6| |8|)
   (|7| |8|))
 '((|0| |1|)
   (|0| |2|)
   (|0| |3|)
   (|0| |4|)
   (|1| |2|)
   (|1| |3|)
   (|1| |4|)
   (|2| |3|)
   (|2| |4|)
   (|3| |4|)
   (|5| |6|)
   (|5| |7|)
   (|5| |8|)
   (|6| |7|)
   (|6| |8|)
   (|7| |8|)))
bPOLoc
(bound (relation 2 "po-loc") '((|6| |7|)) '((|6| |7|)))
bAddrDP
(bound (relation 2 "addrdeps") '((|5| |6|) (|7| |8|)) '((|5| |6|) (|7| |8|)))
bfinalValueNotZero
(bound (relation 2 "finalValueNotZero") '() '())
bfinalValueZero
(bound (relation 2 "finalValueZero") '() '())
bFence.rw.r
(bound (relation 2 "fence.rw.r") '() '())
bFence.tso
(bound (relation 2 "fence.tso") '() '())
end
bTest
(bounds
 (universe
  '(|0| |1| |2| |3| |4| |5| |6| |7| |8|)
  #<procedure:...t/lang/universe.rkt:15:5>)
 (list
  (bound
   (relation 1 "MemoryEvent")
   '((|0|) (|1|) (|2|) (|3|) (|4|) (|5|) (|6|) (|7|) (|8|))
   '((|0|) (|1|) (|2|) (|3|) (|4|) (|5|) (|6|) (|7|) (|8|)))
  (bound
   (relation 2 "proc")
   '((|0| |0|)
     (|1| |0|)
     (|2| |0|)
     (|3| |0|)
     (|4| |0|)
     (|5| |1|)
     (|6| |1|)
     (|7| |1|)
     (|8| |1|))
   '((|0| |0|)
     (|1| |0|)
     (|2| |0|)
     (|3| |0|)
     (|4| |0|)
     (|5| |1|)
     (|6| |1|)
     (|7| |1|)
     (|8| |1|)))
  (bound
   (relation 2 "loc")
   '((|0| |0|) (|2| |1|) (|4| |2|) (|5| |2|) (|6| |1|) (|7| |1|) (|8| |0|))
   '((|0| |0|) (|2| |1|) (|4| |2|) (|5| |2|) (|6| |1|) (|7| |1|) (|8| |0|)))
  (bound
   (relation 2 "data")
   '((|0| |1|) (|2| |1|) (|4| |1|) (|5| |0|) (|6| |0|) (|7| |0|) (|8| |1|))
   '((|0| |1|) (|2| |1|) (|4| |1|) (|5| |0|) (|6| |0|) (|7| |0|) (|8| |1|)))
  (bound
   (relation 2 "po")
   '((|0| |1|)
     (|0| |2|)
     (|0| |3|)
     (|0| |4|)
     (|1| |2|)
     (|1| |3|)
     (|1| |4|)
     (|2| |3|)
     (|2| |4|)
     (|3| |4|)
     (|5| |6|)
     (|5| |7|)
     (|5| |8|)
     (|6| |7|)
     (|6| |8|)
     (|7| |8|))
   '((|0| |1|)
     (|0| |2|)
     (|0| |3|)
     (|0| |4|)
     (|1| |2|)
     (|1| |3|)
     (|1| |4|)
     (|2| |3|)
     (|2| |4|)
     (|3| |4|)
     (|5| |6|)
     (|5| |7|)
     (|5| |8|)
     (|6| |7|)
     (|6| |8|)
     (|7| |8|)))
  (bound (relation 2 "po-loc") '((|6| |7|)) '((|6| |7|)))
  (bound (relation 2 "addrdeps") '((|5| |6|) (|7| |8|)) '((|5| |6|) (|7| |8|)))
  (bound (relation 2 "datadeps") '() '())
  (bound (relation 2 "ctrldeps") '() '())
  (bound (relation 2 "finalValue") '() '())
  (bound
   (relation 1 "M")
   '((|0|) (|2|) (|4|) (|5|) (|6|) (|7|) (|8|))
   '((|0|) (|2|) (|4|) (|5|) (|6|) (|7|) (|8|)))
  (bound
   (relation 1 "R")
   '((|5|) (|6|) (|7|) (|8|))
   '((|5|) (|6|) (|7|) (|8|)))
  (bound (relation 1 "W") '((|0|) (|2|) (|4|)) '((|0|) (|2|) (|4|)))
  (bound
   (relation 2 "fence.rw.rw")
   '((|0| |2|) (|0| |3|) (|0| |4|) (|0| |4|) (|1| |4|) (|2| |4|))
   '((|0| |2|) (|0| |3|) (|0| |4|) (|0| |4|) (|1| |4|) (|2| |4|)))
  (bound (relation 2 "fence.rw.r") '() '())
  (bound (relation 2 "fence.rw.w") '() '())
  (bound (relation 2 "fence.r.rw") '() '())
  (bound (relation 2 "fence.r.r") '() '())
  (bound (relation 2 "fence.r.w") '() '())
  (bound (relation 2 "fence.w.rw") '() '())
  (bound (relation 2 "fence.w.r") '() '())
  (bound (relation 2 "fence.w.w") '() '())
  (bound (relation 2 "fence.tso") '() '())
  (bound (relation 2 "rmw") '() '())
  (bound (relation 1 "Amo") '() '())
  (bound (relation 1 "XLr") '() '())
  (bound (relation 1 "XSc") '() '())
  (bound (relation 1 "AQ") '() '())
  (bound (relation 1 "RL") '() '())
  (bound (relation 1 "Rcsc") '() '())
  (bound (relation 1 "AcqRel") '() '())
  (bound (relation 1 "Int") '((|0|) (|1|) (|2|)) '((|0|) (|1|) (|2|)))
  (bound (relation 1 "Zero") '((|0|)) '((|0|)))
  (bound (relation 2 "finalValueNotZero") '() '())
  (bound (relation 2 "finalValueZero") '() '())))
bnds: 
(bounds
 (universe
  '(|0| |1| |2| |3| |4| |5| |6| |7| |8|)
  #<procedure:...t/lang/universe.rkt:15:5>)
 (list
  (bound
   (relation 1 "MemoryEvent")
   '((|0|) (|1|) (|2|) (|3|) (|4|) (|5|) (|6|) (|7|) (|8|))
   '((|0|) (|1|) (|2|) (|3|) (|4|) (|5|) (|6|) (|7|) (|8|)))
  (bound
   (relation 2 "proc")
   '((|0| |0|)
     (|1| |0|)
     (|2| |0|)
     (|3| |0|)
     (|4| |0|)
     (|5| |1|)
     (|6| |1|)
     (|7| |1|)
     (|8| |1|))
   '((|0| |0|)
     (|1| |0|)
     (|2| |0|)
     (|3| |0|)
     (|4| |0|)
     (|5| |1|)
     (|6| |1|)
     (|7| |1|)
     (|8| |1|)))
  (bound
   (relation 2 "loc")
   '((|0| |0|) (|2| |1|) (|4| |2|) (|5| |2|) (|6| |1|) (|7| |1|) (|8| |0|))
   '((|0| |0|) (|2| |1|) (|4| |2|) (|5| |2|) (|6| |1|) (|7| |1|) (|8| |0|)))
  (bound
   (relation 2 "data")
   '((|0| |1|) (|2| |1|) (|4| |1|) (|5| |0|) (|6| |0|) (|7| |0|) (|8| |1|))
   '((|0| |1|) (|2| |1|) (|4| |1|) (|5| |0|) (|6| |0|) (|7| |0|) (|8| |1|)))
  (bound
   (relation 2 "po")
   '((|0| |1|)
     (|0| |2|)
     (|0| |3|)
     (|0| |4|)
     (|1| |2|)
     (|1| |3|)
     (|1| |4|)
     (|2| |3|)
     (|2| |4|)
     (|3| |4|)
     (|5| |6|)
     (|5| |7|)
     (|5| |8|)
     (|6| |7|)
     (|6| |8|)
     (|7| |8|))
   '((|0| |1|)
     (|0| |2|)
     (|0| |3|)
     (|0| |4|)
     (|1| |2|)
     (|1| |3|)
     (|1| |4|)
     (|2| |3|)
     (|2| |4|)
     (|3| |4|)
     (|5| |6|)
     (|5| |7|)
     (|5| |8|)
     (|6| |7|)
     (|6| |8|)
     (|7| |8|)))
  (bound (relation 2 "po-loc") '((|6| |7|)) '((|6| |7|)))
  (bound (relation 2 "addrdeps") '((|5| |6|) (|7| |8|)) '((|5| |6|) (|7| |8|)))
  (bound (relation 2 "datadeps") '() '())
  (bound (relation 2 "ctrldeps") '() '())
  (bound (relation 2 "finalValue") '() '())
  (bound
   (relation 1 "M")
   '((|0|) (|2|) (|4|) (|5|) (|6|) (|7|) (|8|))
   '((|0|) (|2|) (|4|) (|5|) (|6|) (|7|) (|8|)))
  (bound
   (relation 1 "R")
   '((|5|) (|6|) (|7|) (|8|))
   '((|5|) (|6|) (|7|) (|8|)))
  (bound (relation 1 "W") '((|0|) (|2|) (|4|)) '((|0|) (|2|) (|4|)))
  (bound
   (relation 2 "fence.rw.rw")
   '((|0| |2|) (|0| |3|) (|0| |4|) (|0| |4|) (|1| |4|) (|2| |4|))
   '((|0| |2|) (|0| |3|) (|0| |4|) (|0| |4|) (|1| |4|) (|2| |4|)))
  (bound (relation 2 "fence.rw.r") '() '())
  (bound (relation 2 "fence.rw.w") '() '())
  (bound (relation 2 "fence.r.rw") '() '())
  (bound (relation 2 "fence.r.r") '() '())
  (bound (relation 2 "fence.r.w") '() '())
  (bound (relation 2 "fence.w.rw") '() '())
  (bound (relation 2 "fence.w.r") '() '())
  (bound (relation 2 "fence.w.w") '() '())
  (bound (relation 2 "fence.tso") '() '())
  (bound (relation 2 "rmw") '() '())
  (bound (relation 1 "Amo") '() '())
  (bound (relation 1 "XLr") '() '())
  (bound (relation 1 "XSc") '() '())
  (bound (relation 1 "AQ") '() '())
  (bound (relation 1 "RL") '() '())
  (bound (relation 1 "Rcsc") '() '())
  (bound (relation 1 "AcqRel") '() '())
  (bound (relation 1 "Int") '((|0|) (|1|) (|2|)) '((|0|) (|1|) (|2|)))
  (bound (relation 1 "Zero") '((|0|)) '((|0|)))
  (bound (relation 2 "finalValueNotZero") '() '())
  (bound (relation 2 "finalValueZero") '() '())))
reads: 
'((|5|) (|6|) (|7|) (|8|))
writes:
'((|0|) (|2|) (|4|))
event->locs:
(hash
 '|0|
 (set '|0|)
 '|2|
 (set '|1|)
 '|4|
 (set '|2|)
 '|5|
 (set '|2|)
 '|6|
 (set '|1|)
 '|7|
 (set '|1|)
 '|8|
 (set '|0|))
event->vals:
(hash
 '|0|
 (set '|1|)
 '|2|
 (set '|1|)
 '|4|
 (set '|1|)
 '|5|
 (set '|0|)
 '|6|
 (set '|0|)
 '|7|
 (set '|0|)
 '|8|
 (set '|1|))
lv->writes:
(hash '(|2| . |1|) (set '|4|) '(|0| . |1|) (set '|0|) '(|1| . |1|) (set '|2|))
event_loc_U:
'((|2| |1|) (|0| |0|) (|6| |1|) (|7| |1|) (|4| |2|) (|5| |2|) (|8| |0|))
event_loc_L:
'((|2| |1|) (|0| |0|) (|6| |1|) (|7| |1|) (|4| |2|) (|5| |2|) (|8| |0|))
event_val_U:
'((|2| |1|) (|0| |1|) (|6| |0|) (|7| |0|) (|4| |1|) (|5| |0|) (|8| |1|))
event_val_L:
'((|2| |1|) (|0| |1|) (|6| |0|) (|7| |0|) (|4| |1|) (|5| |0|) (|8| |1|))
read from init L
'((|5|) (|6|) (|7|))
read from init U
'((|5|) (|6|) (|7|))
from read init L
'((|6| |2|) (|7| |2|) (|5| |4|))
from read init U
'((|6| |2|) (|7| |2|) (|5| |4|))
from read initi L
'()
from read initi U
'()
from read inite L
'((|6| |2|) (|7| |2|) (|5| |4|))
from read inite U
'((|6| |2|) (|7| |2|) (|5| |4|))
rfi_U:
'()
rfi_L:
'|0|
bExec
(bounds
 (universe
  '(|0| |1| |2| |3| |4| |5| |6| |7| |8|)
  #<procedure:...t/lang/universe.rkt:15:5>)
 (list
  (bound (relation 2 "rf") '((|0| |8|)) '((|0| |8|)))
  (bound (relation 2 "co") '() '())
  (bound (relation 2 "rfi") '() '())
  (bound (relation 2 "rfe") '((|0| |8|)) '((|0| |8|)))
  (bound (relation 2 "coi") '() '())
  (bound (relation 2 "coe") '() '())
  (bound
   (relation 2 "fr")
   '((|5| |4|) (|7| |2|) (|6| |2|))
   '((|5| |4|) (|7| |2|) (|6| |2|)))
  (bound (relation 2 "fri") '() '())
  (bound
   (relation 2 "fre")
   '((|5| |4|) (|7| |2|) (|6| |2|))
   '((|5| |4|) (|7| |2|) (|6| |2|)))
  (bound (relation 2 "rsw") '() '())
  (bound
   (relation 2 "fr_init")
   '((|6| |2|) (|7| |2|) (|5| |4|))
   '((|6| |2|) (|7| |2|) (|5| |4|)))
  (bound
   (relation 2 "event_loc")
   '((|2| |1|) (|0| |0|) (|6| |1|) (|7| |1|) (|4| |2|) (|5| |2|) (|8| |0|))
   '((|2| |1|) (|0| |0|) (|6| |1|) (|7| |1|) (|4| |2|) (|5| |2|) (|8| |0|)))
  (bound
   (relation 2 "event_val")
   '((|2| |1|) (|0| |1|) (|6| |0|) (|7| |0|) (|4| |1|) (|5| |0|) (|8| |1|))
   '((|2| |1|) (|0| |1|) (|6| |0|) (|7| |0|) (|4| |1|) (|5| |0|) (|8| |1|)))))
Allow*
#t
#t
