val
"2"
val
"2"
val
"1"
val
"1"
(litmus-test
 "SB+rfi-addr-rfis"
 (Program
  (list
   (Thread
    0
    (list
     (Write 0 0 0 '() '() '() 'x 2 'P)
     (Read 1 1 0 '() '() '() 'x 2 'P)
     (Write 2 2 0 '(1) '() '() 'y 1 'P)
     (Read 3 3 0 '() '() '() 'y 2 'P)))
   (Thread
    1
    (list
     (Write 4 0 1 '() '() '() 'y 2 'P)
     (Read 5 1 1 '() '() '() 'y 1 'P)
     (Write 6 2 1 '(1) '() '() 'x 1 'P)
     (Read 7 3 1 '() '() '() 'x 1 'P)))))
 '((y 1) (x 2))
 '())
canonicalize
(Program
 (list
  (Thread
   0
   (list
    (Write 0 0 0 '() '() '() 0 1 'P)
    (Read 1 1 0 '() '() '() 0 1 'P)
    (Write 2 2 0 '(1) '() '() 1 2 'P)
    (Read 3 3 0 '() '() '() 1 1 'P)))
  (Thread
   1
   (list
    (Write 4 0 1 '() '() '() 1 1 'P)
    (Read 5 1 1 '() '() '() 1 2 'P)
    (Write 6 2 1 '(1) '() '() 0 2 'P)
    (Read 7 3 1 '() '() '() 0 2 'P)))))
bProc
(bound
 (relation 2 "proc")
 '((|0| |0|)
   (|1| |0|)
   (|2| |0|)
   (|3| |0|)
   (|4| |1|)
   (|5| |1|)
   (|6| |1|)
   (|7| |1|))
 '((|0| |0|)
   (|1| |0|)
   (|2| |0|)
   (|3| |0|)
   (|4| |1|)
   (|5| |1|)
   (|6| |1|)
   (|7| |1|)))
bLoc
(bound
 (relation 2 "loc")
 '((|0| |0|)
   (|1| |0|)
   (|2| |1|)
   (|3| |1|)
   (|4| |1|)
   (|5| |1|)
   (|6| |0|)
   (|7| |0|))
 '((|0| |0|)
   (|1| |0|)
   (|2| |1|)
   (|3| |1|)
   (|4| |1|)
   (|5| |1|)
   (|6| |0|)
   (|7| |0|)))
bData
(bound
 (relation 2 "data")
 '((|0| |1|)
   (|1| |1|)
   (|2| |2|)
   (|3| |1|)
   (|4| |1|)
   (|5| |2|)
   (|6| |2|)
   (|7| |2|))
 '((|0| |1|)
   (|1| |1|)
   (|2| |2|)
   (|3| |1|)
   (|4| |1|)
   (|5| |2|)
   (|6| |2|)
   (|7| |2|)))
bPO
(bound
 (relation 2 "po")
 '((|0| |1|)
   (|0| |2|)
   (|0| |3|)
   (|1| |2|)
   (|1| |3|)
   (|2| |3|)
   (|4| |5|)
   (|4| |6|)
   (|4| |7|)
   (|5| |6|)
   (|5| |7|)
   (|6| |7|))
 '((|0| |1|)
   (|0| |2|)
   (|0| |3|)
   (|1| |2|)
   (|1| |3|)
   (|2| |3|)
   (|4| |5|)
   (|4| |6|)
   (|4| |7|)
   (|5| |6|)
   (|5| |7|)
   (|6| |7|)))
bPOLoc
(bound
 (relation 2 "po-loc")
 '((|0| |1|) (|2| |3|) (|4| |5|) (|6| |7|))
 '((|0| |1|) (|2| |3|) (|4| |5|) (|6| |7|)))
bAddrDP
(bound (relation 2 "addrdeps") '((|1| |2|) (|5| |6|)) '((|1| |2|) (|5| |6|)))
bfinalValueNotZero
(bound
 (relation 2 "finalValueNotZero")
 '((|1| |2|) (|0| |1|))
 '((|1| |2|) (|0| |1|)))
bfinalValueZero
(bound (relation 2 "finalValueZero") '() '())
bFence.rw.r
(bound (relation 2 "fence.rw.r") '() '())
bFence.tso
(bound (relation 2 "fence.tso") '() '())
end
bTest
(bounds
 (universe
  '(|0| |1| |2| |3| |4| |5| |6| |7|)
  #<procedure:...t/lang/universe.rkt:15:5>)
 (list
  (bound
   (relation 1 "MemoryEvent")
   '((|0|) (|1|) (|2|) (|3|) (|4|) (|5|) (|6|) (|7|))
   '((|0|) (|1|) (|2|) (|3|) (|4|) (|5|) (|6|) (|7|)))
  (bound
   (relation 2 "proc")
   '((|0| |0|)
     (|1| |0|)
     (|2| |0|)
     (|3| |0|)
     (|4| |1|)
     (|5| |1|)
     (|6| |1|)
     (|7| |1|))
   '((|0| |0|)
     (|1| |0|)
     (|2| |0|)
     (|3| |0|)
     (|4| |1|)
     (|5| |1|)
     (|6| |1|)
     (|7| |1|)))
  (bound
   (relation 2 "loc")
   '((|0| |0|)
     (|1| |0|)
     (|2| |1|)
     (|3| |1|)
     (|4| |1|)
     (|5| |1|)
     (|6| |0|)
     (|7| |0|))
   '((|0| |0|)
     (|1| |0|)
     (|2| |1|)
     (|3| |1|)
     (|4| |1|)
     (|5| |1|)
     (|6| |0|)
     (|7| |0|)))
  (bound
   (relation 2 "data")
   '((|0| |1|)
     (|1| |1|)
     (|2| |2|)
     (|3| |1|)
     (|4| |1|)
     (|5| |2|)
     (|6| |2|)
     (|7| |2|))
   '((|0| |1|)
     (|1| |1|)
     (|2| |2|)
     (|3| |1|)
     (|4| |1|)
     (|5| |2|)
     (|6| |2|)
     (|7| |2|)))
  (bound
   (relation 2 "po")
   '((|0| |1|)
     (|0| |2|)
     (|0| |3|)
     (|1| |2|)
     (|1| |3|)
     (|2| |3|)
     (|4| |5|)
     (|4| |6|)
     (|4| |7|)
     (|5| |6|)
     (|5| |7|)
     (|6| |7|))
   '((|0| |1|)
     (|0| |2|)
     (|0| |3|)
     (|1| |2|)
     (|1| |3|)
     (|2| |3|)
     (|4| |5|)
     (|4| |6|)
     (|4| |7|)
     (|5| |6|)
     (|5| |7|)
     (|6| |7|)))
  (bound
   (relation 2 "po-loc")
   '((|0| |1|) (|2| |3|) (|4| |5|) (|6| |7|))
   '((|0| |1|) (|2| |3|) (|4| |5|) (|6| |7|)))
  (bound (relation 2 "addrdeps") '((|1| |2|) (|5| |6|)) '((|1| |2|) (|5| |6|)))
  (bound (relation 2 "datadeps") '() '())
  (bound (relation 2 "ctrldeps") '() '())
  (bound
   (relation 2 "finalValue")
   '((|1| |2|) (|0| |1|))
   '((|1| |2|) (|0| |1|)))
  (bound
   (relation 1 "M")
   '((|0|) (|1|) (|2|) (|3|) (|4|) (|5|) (|6|) (|7|))
   '((|0|) (|1|) (|2|) (|3|) (|4|) (|5|) (|6|) (|7|)))
  (bound
   (relation 1 "R")
   '((|1|) (|3|) (|5|) (|7|))
   '((|1|) (|3|) (|5|) (|7|)))
  (bound
   (relation 1 "W")
   '((|0|) (|2|) (|4|) (|6|))
   '((|0|) (|2|) (|4|) (|6|)))
  (bound (relation 2 "fence.rw.rw") '() '())
  (bound (relation 2 "fence.rw.r") '() '())
  (bound (relation 2 "fence.rw.w") '() '())
  (bound (relation 2 "fence.r.rw") '() '())
  (bound (relation 2 "fence.r.r") '() '())
  (bound (relation 2 "fence.r.w") '() '())
  (bound (relation 2 "fence.w.rw") '() '())
  (bound (relation 2 "fence.w.r") '() '())
  (bound (relation 2 "fence.w.w") '() '())
  (bound (relation 2 "fence.tso") '() '())
  (bound (relation 2 "rmw") '() '())
  (bound (relation 1 "Amo") '() '())
  (bound (relation 1 "XLr") '() '())
  (bound (relation 1 "XSc") '() '())
  (bound (relation 1 "AQ") '() '())
  (bound (relation 1 "RL") '() '())
  (bound (relation 1 "Rcsc") '() '())
  (bound (relation 1 "AcqRel") '() '())
  (bound (relation 1 "Int") '((|0|) (|1|) (|2|)) '((|0|) (|1|) (|2|)))
  (bound (relation 1 "Zero") '((|0|)) '((|0|)))
  (bound
   (relation 2 "finalValueNotZero")
   '((|1| |2|) (|0| |1|))
   '((|1| |2|) (|0| |1|)))
  (bound (relation 2 "finalValueZero") '() '())))
bnds: 
(bounds
 (universe
  '(|0| |1| |2| |3| |4| |5| |6| |7|)
  #<procedure:...t/lang/universe.rkt:15:5>)
 (list
  (bound
   (relation 1 "MemoryEvent")
   '((|0|) (|1|) (|2|) (|3|) (|4|) (|5|) (|6|) (|7|))
   '((|0|) (|1|) (|2|) (|3|) (|4|) (|5|) (|6|) (|7|)))
  (bound
   (relation 2 "proc")
   '((|0| |0|)
     (|1| |0|)
     (|2| |0|)
     (|3| |0|)
     (|4| |1|)
     (|5| |1|)
     (|6| |1|)
     (|7| |1|))
   '((|0| |0|)
     (|1| |0|)
     (|2| |0|)
     (|3| |0|)
     (|4| |1|)
     (|5| |1|)
     (|6| |1|)
     (|7| |1|)))
  (bound
   (relation 2 "loc")
   '((|0| |0|)
     (|1| |0|)
     (|2| |1|)
     (|3| |1|)
     (|4| |1|)
     (|5| |1|)
     (|6| |0|)
     (|7| |0|))
   '((|0| |0|)
     (|1| |0|)
     (|2| |1|)
     (|3| |1|)
     (|4| |1|)
     (|5| |1|)
     (|6| |0|)
     (|7| |0|)))
  (bound
   (relation 2 "data")
   '((|0| |1|)
     (|1| |1|)
     (|2| |2|)
     (|3| |1|)
     (|4| |1|)
     (|5| |2|)
     (|6| |2|)
     (|7| |2|))
   '((|0| |1|)
     (|1| |1|)
     (|2| |2|)
     (|3| |1|)
     (|4| |1|)
     (|5| |2|)
     (|6| |2|)
     (|7| |2|)))
  (bound
   (relation 2 "po")
   '((|0| |1|)
     (|0| |2|)
     (|0| |3|)
     (|1| |2|)
     (|1| |3|)
     (|2| |3|)
     (|4| |5|)
     (|4| |6|)
     (|4| |7|)
     (|5| |6|)
     (|5| |7|)
     (|6| |7|))
   '((|0| |1|)
     (|0| |2|)
     (|0| |3|)
     (|1| |2|)
     (|1| |3|)
     (|2| |3|)
     (|4| |5|)
     (|4| |6|)
     (|4| |7|)
     (|5| |6|)
     (|5| |7|)
     (|6| |7|)))
  (bound
   (relation 2 "po-loc")
   '((|0| |1|) (|2| |3|) (|4| |5|) (|6| |7|))
   '((|0| |1|) (|2| |3|) (|4| |5|) (|6| |7|)))
  (bound (relation 2 "addrdeps") '((|1| |2|) (|5| |6|)) '((|1| |2|) (|5| |6|)))
  (bound (relation 2 "datadeps") '() '())
  (bound (relation 2 "ctrldeps") '() '())
  (bound
   (relation 2 "finalValue")
   '((|1| |2|) (|0| |1|))
   '((|1| |2|) (|0| |1|)))
  (bound
   (relation 1 "M")
   '((|0|) (|1|) (|2|) (|3|) (|4|) (|5|) (|6|) (|7|))
   '((|0|) (|1|) (|2|) (|3|) (|4|) (|5|) (|6|) (|7|)))
  (bound
   (relation 1 "R")
   '((|1|) (|3|) (|5|) (|7|))
   '((|1|) (|3|) (|5|) (|7|)))
  (bound
   (relation 1 "W")
   '((|0|) (|2|) (|4|) (|6|))
   '((|0|) (|2|) (|4|) (|6|)))
  (bound (relation 2 "fence.rw.rw") '() '())
  (bound (relation 2 "fence.rw.r") '() '())
  (bound (relation 2 "fence.rw.w") '() '())
  (bound (relation 2 "fence.r.rw") '() '())
  (bound (relation 2 "fence.r.r") '() '())
  (bound (relation 2 "fence.r.w") '() '())
  (bound (relation 2 "fence.w.rw") '() '())
  (bound (relation 2 "fence.w.r") '() '())
  (bound (relation 2 "fence.w.w") '() '())
  (bound (relation 2 "fence.tso") '() '())
  (bound (relation 2 "rmw") '() '())
  (bound (relation 1 "Amo") '() '())
  (bound (relation 1 "XLr") '() '())
  (bound (relation 1 "XSc") '() '())
  (bound (relation 1 "AQ") '() '())
  (bound (relation 1 "RL") '() '())
  (bound (relation 1 "Rcsc") '() '())
  (bound (relation 1 "AcqRel") '() '())
  (bound (relation 1 "Int") '((|0|) (|1|) (|2|)) '((|0|) (|1|) (|2|)))
  (bound (relation 1 "Zero") '((|0|)) '((|0|)))
  (bound
   (relation 2 "finalValueNotZero")
   '((|1| |2|) (|0| |1|))
   '((|1| |2|) (|0| |1|)))
  (bound (relation 2 "finalValueZero") '() '())))
reads: 
'((|1|) (|3|) (|5|) (|7|))
writes:
'((|0|) (|2|) (|4|) (|6|))
event->locs:
(hash
 '|0|
 (set '|0|)
 '|1|
 (set '|0|)
 '|2|
 (set '|1|)
 '|3|
 (set '|1|)
 '|4|
 (set '|1|)
 '|5|
 (set '|1|)
 '|6|
 (set '|0|)
 '|7|
 (set '|0|))
event->vals:
(hash
 '|0|
 (set '|1|)
 '|1|
 (set '|1|)
 '|2|
 (set '|2|)
 '|3|
 (set '|1|)
 '|4|
 (set '|1|)
 '|5|
 (set '|2|)
 '|6|
 (set '|2|)
 '|7|
 (set '|2|))
lv->writes:
(hash
 '(|0| . |2|)
 (set '|6|)
 '(|1| . |2|)
 (set '|2|)
 '(|0| . |1|)
 (set '|0|)
 '(|1| . |1|)
 (set '|4|))
event_loc_U:
'((|2| |1|)
  (|3| |1|)
  (|0| |0|)
  (|1| |0|)
  (|6| |0|)
  (|7| |0|)
  (|4| |1|)
  (|5| |1|))
event_loc_L:
'((|2| |1|)
  (|3| |1|)
  (|0| |0|)
  (|1| |0|)
  (|6| |0|)
  (|7| |0|)
  (|4| |1|)
  (|5| |1|))
event_val_U:
'((|2| |2|)
  (|3| |1|)
  (|0| |1|)
  (|1| |1|)
  (|6| |2|)
  (|7| |2|)
  (|4| |1|)
  (|5| |2|))
event_val_L:
'((|2| |2|)
  (|3| |1|)
  (|0| |1|)
  (|1| |1|)
  (|6| |2|)
  (|7| |2|)
  (|4| |1|)
  (|5| |2|))
read from init L
'()
read from init U
'()
from read init L
'()
from read init U
'()
from read initi L
'()
from read initi U
'()
from read inite L
'()
from read inite U
'()
rfi_U:
'((|0| |1|) (|6| |7|))
rfi_L:
'|0|
rfi_L:
'|6|
rfi_L:
'|4|
rfi_L:
'|2|
bExec
(bounds
 (universe
  '(|0| |1| |2| |3| |4| |5| |6| |7|)
  #<procedure:...t/lang/universe.rkt:15:5>)
 (list
  (bound
   (relation 2 "rf")
   '((|0| |1|) (|4| |3|) (|2| |5|) (|6| |7|))
   '((|0| |1|) (|2| |5|) (|4| |3|) (|6| |7|)))
  (bound (relation 2 "co") '((|6| |0|) (|4| |2|)) '((|4| |2|) (|6| |0|)))
  (bound (relation 2 "rfi") '((|0| |1|) (|6| |7|)) '((|0| |1|) (|6| |7|)))
  (bound (relation 2 "rfe") '((|4| |3|) (|2| |5|)) '((|2| |5|) (|4| |3|)))
  (bound (relation 2 "coi") '() '())
  (bound (relation 2 "coe") '((|6| |0|) (|4| |2|)) '((|4| |2|) (|6| |0|)))
  (bound (relation 2 "fr") '((|7| |0|) (|3| |2|)) '((|3| |2|) (|7| |0|)))
  (bound (relation 2 "fri") '((|3| |2|)) '((|3| |2|)))
  (bound (relation 2 "fre") '((|7| |0|)) '((|7| |0|)))
  (bound (relation 2 "rsw") '() '())
  (bound (relation 2 "fr_init") '() '())
  (bound
   (relation 2 "event_loc")
   '((|2| |1|)
     (|3| |1|)
     (|0| |0|)
     (|1| |0|)
     (|6| |0|)
     (|7| |0|)
     (|4| |1|)
     (|5| |1|))
   '((|2| |1|)
     (|3| |1|)
     (|0| |0|)
     (|1| |0|)
     (|6| |0|)
     (|7| |0|)
     (|4| |1|)
     (|5| |1|)))
  (bound
   (relation 2 "event_val")
   '((|2| |2|)
     (|3| |1|)
     (|0| |1|)
     (|1| |1|)
     (|6| |2|)
     (|7| |2|)
     (|4| |1|)
     (|5| |2|))
   '((|2| |2|)
     (|3| |1|)
     (|0| |1|)
     (|1| |1|)
     (|6| |2|)
     (|7| |2|)
     (|4| |1|)
     (|5| |2|)))))
Allow*
#f
#f
