val
"0"
val
"0"
(litmus-test
 "LB+datas"
 (Program
  (list
   (Thread
    0
    (list (Read 0 0 0 '() '() '() 'x 0 'P) (Write 1 1 0 '() '(0) '() 'y 1 'P)))
   (Thread
    1
    (list
     (Read 2 0 1 '() '() '() 'y 0 'P)
     (Write 3 1 1 '() '(0) '() 'x 1 'P)))))
 '()
 '())
canonicalize
(Program
 (list
  (Thread
   0
   (list (Read 0 0 0 '() '() '() 0 0 'P) (Write 1 1 0 '() '(0) '() 1 1 'P)))
  (Thread
   1
   (list (Read 2 0 1 '() '() '() 1 0 'P) (Write 3 1 1 '() '(0) '() 0 1 'P)))))
bProc
(bound
 (relation 2 "proc")
 '((|0| |0|) (|1| |0|) (|2| |1|) (|3| |1|))
 '((|0| |0|) (|1| |0|) (|2| |1|) (|3| |1|)))
bLoc
(bound
 (relation 2 "loc")
 '((|0| |0|) (|1| |1|) (|2| |1|) (|3| |0|))
 '((|0| |0|) (|1| |1|) (|2| |1|) (|3| |0|)))
bData
(bound
 (relation 2 "data")
 '((|0| |0|) (|1| |1|) (|2| |0|) (|3| |1|))
 '((|0| |0|) (|1| |1|) (|2| |0|) (|3| |1|)))
bPO
(bound (relation 2 "po") '((|0| |1|) (|2| |3|)) '((|0| |1|) (|2| |3|)))
bPOLoc
(bound (relation 2 "po-loc") '() '())
bAddrDP
(bound (relation 2 "addrdeps") '() '())
bFence.rw.r
(bound (relation 2 "fence.rw.r") '() '())
bFence.tso
(bound (relation 2 "fence.tso") '() '())
end
bTest
(bounds
 (universe '(|0| |1| |2| |3|) #<procedure:...t/lang/universe.rkt:15:5>)
 (list
  (bound
   (relation 1 "MemoryEvent")
   '((|0|) (|1|) (|2|) (|3|))
   '((|0|) (|1|) (|2|) (|3|)))
  (bound
   (relation 2 "proc")
   '((|0| |0|) (|1| |0|) (|2| |1|) (|3| |1|))
   '((|0| |0|) (|1| |0|) (|2| |1|) (|3| |1|)))
  (bound
   (relation 2 "loc")
   '((|0| |0|) (|1| |1|) (|2| |1|) (|3| |0|))
   '((|0| |0|) (|1| |1|) (|2| |1|) (|3| |0|)))
  (bound
   (relation 2 "data")
   '((|0| |0|) (|1| |1|) (|2| |0|) (|3| |1|))
   '((|0| |0|) (|1| |1|) (|2| |0|) (|3| |1|)))
  (bound (relation 2 "po") '((|0| |1|) (|2| |3|)) '((|0| |1|) (|2| |3|)))
  (bound (relation 2 "po-loc") '() '())
  (bound (relation 2 "addrdeps") '() '())
  (bound (relation 2 "datadeps") '((|0| |1|) (|2| |3|)) '((|0| |1|) (|2| |3|)))
  (bound (relation 2 "ctrldeps") '() '())
  (bound (relation 2 "finalValue") '() '())
  (bound
   (relation 1 "M")
   '((|0|) (|1|) (|2|) (|3|))
   '((|0|) (|1|) (|2|) (|3|)))
  (bound (relation 1 "R") '((|0|) (|2|)) '((|0|) (|2|)))
  (bound (relation 1 "W") '((|1|) (|3|)) '((|1|) (|3|)))
  (bound (relation 2 "fence.rw.rw") '() '())
  (bound (relation 2 "fence.rw.r") '() '())
  (bound (relation 2 "fence.rw.w") '() '())
  (bound (relation 2 "fence.r.rw") '() '())
  (bound (relation 2 "fence.r.r") '() '())
  (bound (relation 2 "fence.r.w") '() '())
  (bound (relation 2 "fence.w.rw") '() '())
  (bound (relation 2 "fence.w.r") '() '())
  (bound (relation 2 "fence.w.w") '() '())
  (bound (relation 2 "fence.tso") '() '())
  (bound (relation 2 "rmw") '() '())
  (bound (relation 1 "Amo") '() '())
  (bound (relation 1 "XLr") '() '())
  (bound (relation 1 "XSc") '() '())
  (bound (relation 1 "AQ") '() '())
  (bound (relation 1 "RL") '() '())
  (bound (relation 1 "Rcsc") '() '())
  (bound (relation 1 "AcqRel") '() '())
  (bound (relation 1 "Int") '((|0|) (|1|)) '((|0|) (|1|)))
  (bound (relation 1 "Zero") '((|0|)) '((|0|)))))
bnds: 
(bounds
 (universe '(|0| |1| |2| |3|) #<procedure:...t/lang/universe.rkt:15:5>)
 (list
  (bound
   (relation 1 "MemoryEvent")
   '((|0|) (|1|) (|2|) (|3|))
   '((|0|) (|1|) (|2|) (|3|)))
  (bound
   (relation 2 "proc")
   '((|0| |0|) (|1| |0|) (|2| |1|) (|3| |1|))
   '((|0| |0|) (|1| |0|) (|2| |1|) (|3| |1|)))
  (bound
   (relation 2 "loc")
   '((|0| |0|) (|1| |1|) (|2| |1|) (|3| |0|))
   '((|0| |0|) (|1| |1|) (|2| |1|) (|3| |0|)))
  (bound
   (relation 2 "data")
   '((|0| |0|) (|1| |1|) (|2| |0|) (|3| |1|))
   '((|0| |0|) (|1| |1|) (|2| |0|) (|3| |1|)))
  (bound (relation 2 "po") '((|0| |1|) (|2| |3|)) '((|0| |1|) (|2| |3|)))
  (bound (relation 2 "po-loc") '() '())
  (bound (relation 2 "addrdeps") '() '())
  (bound (relation 2 "datadeps") '((|0| |1|) (|2| |3|)) '((|0| |1|) (|2| |3|)))
  (bound (relation 2 "ctrldeps") '() '())
  (bound (relation 2 "finalValue") '() '())
  (bound
   (relation 1 "M")
   '((|0|) (|1|) (|2|) (|3|))
   '((|0|) (|1|) (|2|) (|3|)))
  (bound (relation 1 "R") '((|0|) (|2|)) '((|0|) (|2|)))
  (bound (relation 1 "W") '((|1|) (|3|)) '((|1|) (|3|)))
  (bound (relation 2 "fence.rw.rw") '() '())
  (bound (relation 2 "fence.rw.r") '() '())
  (bound (relation 2 "fence.rw.w") '() '())
  (bound (relation 2 "fence.r.rw") '() '())
  (bound (relation 2 "fence.r.r") '() '())
  (bound (relation 2 "fence.r.w") '() '())
  (bound (relation 2 "fence.w.rw") '() '())
  (bound (relation 2 "fence.w.r") '() '())
  (bound (relation 2 "fence.w.w") '() '())
  (bound (relation 2 "fence.tso") '() '())
  (bound (relation 2 "rmw") '() '())
  (bound (relation 1 "Amo") '() '())
  (bound (relation 1 "XLr") '() '())
  (bound (relation 1 "XSc") '() '())
  (bound (relation 1 "AQ") '() '())
  (bound (relation 1 "RL") '() '())
  (bound (relation 1 "Rcsc") '() '())
  (bound (relation 1 "AcqRel") '() '())
  (bound (relation 1 "Int") '((|0|) (|1|)) '((|0|) (|1|)))
  (bound (relation 1 "Zero") '((|0|)) '((|0|)))))
reads: 
'((|0|) (|2|))
writes:
'((|1|) (|3|))
event->locs:
(hash '|0| (set '|0|) '|1| (set '|1|) '|2| (set '|1|) '|3| (set '|0|))
event->vals:
(hash '|0| (set '|0|) '|1| (set '|1|) '|2| (set '|0|) '|3| (set '|1|))
lv->writes:
(hash '(|0| . |1|) (set '|3|) '(|1| . |1|) (set '|1|))
event_loc_U:
'((|2| |1|) (|3| |0|) (|0| |0|) (|1| |1|))
event_loc_L:
'((|2| |1|) (|3| |0|) (|0| |0|) (|1| |1|))
event_val_U:
'((|2| |0|) (|3| |1|) (|0| |0|) (|1| |1|))
event_val_L:
'((|2| |0|) (|3| |1|) (|0| |0|) (|1| |1|))
read from init L
'((|0|) (|2|))
read from init U
'((|0|) (|2|))
from read init L
'((|2| |1|) (|0| |3|))
from read init U
'((|2| |1|) (|0| |3|))
from read initi L
'()
from read initi U
'()
from read inite L
'((|2| |1|) (|0| |3|))
from read inite U
'((|2| |1|) (|0| |3|))
rfi_U:
'()
bExec
(bounds
 (universe '(|0| |1| |2| |3|) #<procedure:...t/lang/universe.rkt:15:5>)
 (list
  (bound (relation 2 "rf") '() '())
  (bound (relation 2 "co") '() '())
  (bound (relation 2 "rfi") '() '())
  (bound (relation 2 "rfe") '() '())
  (bound (relation 2 "coi") '() '())
  (bound (relation 2 "coe") '() '())
  (bound (relation 2 "fr") '((|0| |3|) (|2| |1|)) '((|0| |3|) (|2| |1|)))
  (bound (relation 2 "fri") '() '())
  (bound (relation 2 "fre") '((|0| |3|) (|2| |1|)) '((|0| |3|) (|2| |1|)))
  (bound (relation 2 "rsw") '() '())
  (bound (relation 2 "fr_init") '((|2| |1|) (|0| |3|)) '((|2| |1|) (|0| |3|)))
  (bound
   (relation 2 "event_loc")
   '((|2| |1|) (|3| |0|) (|0| |0|) (|1| |1|))
   '((|2| |1|) (|3| |0|) (|0| |0|) (|1| |1|)))
  (bound
   (relation 2 "event_val")
   '((|2| |0|) (|3| |1|) (|0| |0|) (|1| |1|))
   '((|2| |0|) (|3| |1|) (|0| |0|) (|1| |1|)))))
Allow*
#t
#t
