val
"1"
val
"2"
val
"2"
(litmus-test
 "R+rfi-data+rfi-data-rfi"
 (Program
  (list
   (Thread
    0
    (list
     (Write 0 0 0 '() '() '() 'x 2 'P)
     (Read 1 1 0 '() '() '() 'x 1 'P)
     (Write 2 2 0 '() '(1) '() 'y 1 'P)))
   (Thread
    1
    (list
     (Write 3 0 1 '() '() '() 'y 2 'P)
     (Read 4 1 1 '() '() '() 'y 2 'P)
     (Write 5 2 1 '() '(1) '() 'x 1 'P)
     (Read 6 3 1 '() '() '() 'x 2 'P)))))
 '((y 1) (x 1))
 '())
canonicalize
(Program
 (list
  (Thread
   0
   (list
    (Write 0 0 0 '() '() '() 0 1 'P)
    (Read 1 1 0 '() '() '() 0 2 'P)
    (Write 2 2 0 '() '(1) '() 1 2 'P)))
  (Thread
   1
   (list
    (Write 3 0 1 '() '() '() 1 1 'P)
    (Read 4 1 1 '() '() '() 1 1 'P)
    (Write 5 2 1 '() '(1) '() 0 2 'P)
    (Read 6 3 1 '() '() '() 0 1 'P)))))
bProc
(bound
 (relation 2 "proc")
 '((|0| |0|) (|1| |0|) (|2| |0|) (|3| |1|) (|4| |1|) (|5| |1|) (|6| |1|))
 '((|0| |0|) (|1| |0|) (|2| |0|) (|3| |1|) (|4| |1|) (|5| |1|) (|6| |1|)))
bLoc
(bound
 (relation 2 "loc")
 '((|0| |0|) (|1| |0|) (|2| |1|) (|3| |1|) (|4| |1|) (|5| |0|) (|6| |0|))
 '((|0| |0|) (|1| |0|) (|2| |1|) (|3| |1|) (|4| |1|) (|5| |0|) (|6| |0|)))
bData
(bound
 (relation 2 "data")
 '((|0| |1|) (|1| |2|) (|2| |2|) (|3| |1|) (|4| |1|) (|5| |2|) (|6| |1|))
 '((|0| |1|) (|1| |2|) (|2| |2|) (|3| |1|) (|4| |1|) (|5| |2|) (|6| |1|)))
bPO
(bound
 (relation 2 "po")
 '((|0| |1|)
   (|0| |2|)
   (|1| |2|)
   (|3| |4|)
   (|3| |5|)
   (|3| |6|)
   (|4| |5|)
   (|4| |6|)
   (|5| |6|))
 '((|0| |1|)
   (|0| |2|)
   (|1| |2|)
   (|3| |4|)
   (|3| |5|)
   (|3| |6|)
   (|4| |5|)
   (|4| |6|)
   (|5| |6|)))
bPOLoc
(bound
 (relation 2 "po-loc")
 '((|0| |1|) (|3| |4|) (|5| |6|))
 '((|0| |1|) (|3| |4|) (|5| |6|)))
bAddrDP
(bound (relation 2 "addrdeps") '() '())
bFence.rw.r
(bound (relation 2 "fence.rw.r") '() '())
bFence.tso
(bound (relation 2 "fence.tso") '() '())
end
bTest
(bounds
 (universe
  '(|0| |1| |2| |3| |4| |5| |6|)
  #<procedure:...t/lang/universe.rkt:15:5>)
 (list
  (bound
   (relation 1 "MemoryEvent")
   '((|0|) (|1|) (|2|) (|3|) (|4|) (|5|) (|6|))
   '((|0|) (|1|) (|2|) (|3|) (|4|) (|5|) (|6|)))
  (bound
   (relation 2 "proc")
   '((|0| |0|) (|1| |0|) (|2| |0|) (|3| |1|) (|4| |1|) (|5| |1|) (|6| |1|))
   '((|0| |0|) (|1| |0|) (|2| |0|) (|3| |1|) (|4| |1|) (|5| |1|) (|6| |1|)))
  (bound
   (relation 2 "loc")
   '((|0| |0|) (|1| |0|) (|2| |1|) (|3| |1|) (|4| |1|) (|5| |0|) (|6| |0|))
   '((|0| |0|) (|1| |0|) (|2| |1|) (|3| |1|) (|4| |1|) (|5| |0|) (|6| |0|)))
  (bound
   (relation 2 "data")
   '((|0| |1|) (|1| |2|) (|2| |2|) (|3| |1|) (|4| |1|) (|5| |2|) (|6| |1|))
   '((|0| |1|) (|1| |2|) (|2| |2|) (|3| |1|) (|4| |1|) (|5| |2|) (|6| |1|)))
  (bound
   (relation 2 "po")
   '((|0| |1|)
     (|0| |2|)
     (|1| |2|)
     (|3| |4|)
     (|3| |5|)
     (|3| |6|)
     (|4| |5|)
     (|4| |6|)
     (|5| |6|))
   '((|0| |1|)
     (|0| |2|)
     (|1| |2|)
     (|3| |4|)
     (|3| |5|)
     (|3| |6|)
     (|4| |5|)
     (|4| |6|)
     (|5| |6|)))
  (bound
   (relation 2 "po-loc")
   '((|0| |1|) (|3| |4|) (|5| |6|))
   '((|0| |1|) (|3| |4|) (|5| |6|)))
  (bound (relation 2 "addrdeps") '() '())
  (bound (relation 2 "datadeps") '((|1| |2|) (|4| |5|)) '((|1| |2|) (|4| |5|)))
  (bound (relation 2 "ctrldeps") '() '())
  (bound
   (relation 2 "finalValue")
   '((|1| |2|) (|0| |2|))
   '((|1| |2|) (|0| |2|)))
  (bound
   (relation 1 "M")
   '((|0|) (|1|) (|2|) (|3|) (|4|) (|5|) (|6|))
   '((|0|) (|1|) (|2|) (|3|) (|4|) (|5|) (|6|)))
  (bound (relation 1 "R") '((|1|) (|4|) (|6|)) '((|1|) (|4|) (|6|)))
  (bound
   (relation 1 "W")
   '((|0|) (|2|) (|3|) (|5|))
   '((|0|) (|2|) (|3|) (|5|)))
  (bound (relation 2 "fence.rw.rw") '() '())
  (bound (relation 2 "fence.rw.r") '() '())
  (bound (relation 2 "fence.rw.w") '() '())
  (bound (relation 2 "fence.r.rw") '() '())
  (bound (relation 2 "fence.r.r") '() '())
  (bound (relation 2 "fence.r.w") '() '())
  (bound (relation 2 "fence.w.rw") '() '())
  (bound (relation 2 "fence.w.r") '() '())
  (bound (relation 2 "fence.w.w") '() '())
  (bound (relation 2 "fence.tso") '() '())
  (bound (relation 2 "rmw") '() '())
  (bound (relation 1 "Amo") '() '())
  (bound (relation 1 "XLr") '() '())
  (bound (relation 1 "XSc") '() '())
  (bound (relation 1 "AQ") '() '())
  (bound (relation 1 "RL") '() '())
  (bound (relation 1 "Rcsc") '() '())
  (bound (relation 1 "AcqRel") '() '())
  (bound (relation 1 "Int") '((|0|) (|1|) (|2|)) '((|0|) (|1|) (|2|)))
  (bound (relation 1 "Zero") '((|0|)) '((|0|)))))
bnds: 
(bounds
 (universe
  '(|0| |1| |2| |3| |4| |5| |6|)
  #<procedure:...t/lang/universe.rkt:15:5>)
 (list
  (bound
   (relation 1 "MemoryEvent")
   '((|0|) (|1|) (|2|) (|3|) (|4|) (|5|) (|6|))
   '((|0|) (|1|) (|2|) (|3|) (|4|) (|5|) (|6|)))
  (bound
   (relation 2 "proc")
   '((|0| |0|) (|1| |0|) (|2| |0|) (|3| |1|) (|4| |1|) (|5| |1|) (|6| |1|))
   '((|0| |0|) (|1| |0|) (|2| |0|) (|3| |1|) (|4| |1|) (|5| |1|) (|6| |1|)))
  (bound
   (relation 2 "loc")
   '((|0| |0|) (|1| |0|) (|2| |1|) (|3| |1|) (|4| |1|) (|5| |0|) (|6| |0|))
   '((|0| |0|) (|1| |0|) (|2| |1|) (|3| |1|) (|4| |1|) (|5| |0|) (|6| |0|)))
  (bound
   (relation 2 "data")
   '((|0| |1|) (|1| |2|) (|2| |2|) (|3| |1|) (|4| |1|) (|5| |2|) (|6| |1|))
   '((|0| |1|) (|1| |2|) (|2| |2|) (|3| |1|) (|4| |1|) (|5| |2|) (|6| |1|)))
  (bound
   (relation 2 "po")
   '((|0| |1|)
     (|0| |2|)
     (|1| |2|)
     (|3| |4|)
     (|3| |5|)
     (|3| |6|)
     (|4| |5|)
     (|4| |6|)
     (|5| |6|))
   '((|0| |1|)
     (|0| |2|)
     (|1| |2|)
     (|3| |4|)
     (|3| |5|)
     (|3| |6|)
     (|4| |5|)
     (|4| |6|)
     (|5| |6|)))
  (bound
   (relation 2 "po-loc")
   '((|0| |1|) (|3| |4|) (|5| |6|))
   '((|0| |1|) (|3| |4|) (|5| |6|)))
  (bound (relation 2 "addrdeps") '() '())
  (bound (relation 2 "datadeps") '((|1| |2|) (|4| |5|)) '((|1| |2|) (|4| |5|)))
  (bound (relation 2 "ctrldeps") '() '())
  (bound
   (relation 2 "finalValue")
   '((|1| |2|) (|0| |2|))
   '((|1| |2|) (|0| |2|)))
  (bound
   (relation 1 "M")
   '((|0|) (|1|) (|2|) (|3|) (|4|) (|5|) (|6|))
   '((|0|) (|1|) (|2|) (|3|) (|4|) (|5|) (|6|)))
  (bound (relation 1 "R") '((|1|) (|4|) (|6|)) '((|1|) (|4|) (|6|)))
  (bound
   (relation 1 "W")
   '((|0|) (|2|) (|3|) (|5|))
   '((|0|) (|2|) (|3|) (|5|)))
  (bound (relation 2 "fence.rw.rw") '() '())
  (bound (relation 2 "fence.rw.r") '() '())
  (bound (relation 2 "fence.rw.w") '() '())
  (bound (relation 2 "fence.r.rw") '() '())
  (bound (relation 2 "fence.r.r") '() '())
  (bound (relation 2 "fence.r.w") '() '())
  (bound (relation 2 "fence.w.rw") '() '())
  (bound (relation 2 "fence.w.r") '() '())
  (bound (relation 2 "fence.w.w") '() '())
  (bound (relation 2 "fence.tso") '() '())
  (bound (relation 2 "rmw") '() '())
  (bound (relation 1 "Amo") '() '())
  (bound (relation 1 "XLr") '() '())
  (bound (relation 1 "XSc") '() '())
  (bound (relation 1 "AQ") '() '())
  (bound (relation 1 "RL") '() '())
  (bound (relation 1 "Rcsc") '() '())
  (bound (relation 1 "AcqRel") '() '())
  (bound (relation 1 "Int") '((|0|) (|1|) (|2|)) '((|0|) (|1|) (|2|)))
  (bound (relation 1 "Zero") '((|0|)) '((|0|)))))
reads: 
'((|1|) (|4|) (|6|))
writes:
'((|0|) (|2|) (|3|) (|5|))
event->locs:
(hash
 '|0|
 (set '|0|)
 '|1|
 (set '|0|)
 '|2|
 (set '|1|)
 '|3|
 (set '|1|)
 '|4|
 (set '|1|)
 '|5|
 (set '|0|)
 '|6|
 (set '|0|))
event->vals:
(hash
 '|0|
 (set '|1|)
 '|1|
 (set '|2|)
 '|2|
 (set '|2|)
 '|3|
 (set '|1|)
 '|4|
 (set '|1|)
 '|5|
 (set '|2|)
 '|6|
 (set '|1|))
lv->writes:
(hash
 '(|0| . |2|)
 (set '|5|)
 '(|1| . |2|)
 (set '|2|)
 '(|0| . |1|)
 (set '|0|)
 '(|1| . |1|)
 (set '|3|))
event_loc_U:
'((|2| |1|) (|3| |1|) (|0| |0|) (|1| |0|) (|6| |0|) (|4| |1|) (|5| |0|))
event_loc_L:
'((|2| |1|) (|3| |1|) (|0| |0|) (|1| |0|) (|6| |0|) (|4| |1|) (|5| |0|))
event_val_U:
'((|2| |2|) (|3| |1|) (|0| |1|) (|1| |2|) (|6| |1|) (|4| |1|) (|5| |2|))
event_val_L:
'((|2| |2|) (|3| |1|) (|0| |1|) (|1| |2|) (|6| |1|) (|4| |1|) (|5| |2|))
read from init L
'()
read from init U
'()
from read init L
'()
from read init U
'()
from read initi L
'()
from read initi U
'()
from read inite L
'()
from read inite U
'()
rfi_U:
'((|3| |4|))
rfi_L:
'|3|
rfi_L:
'|5|
rfi_L:
'|0|
bExec
(bounds
 (universe
  '(|0| |1| |2| |3| |4| |5| |6|)
  #<procedure:...t/lang/universe.rkt:15:5>)
 (list
  (bound
   (relation 2 "rf")
   '((|5| |1|) (|3| |4|) (|0| |6|))
   '((|0| |6|) (|3| |4|) (|5| |1|)))
  (bound (relation 2 "co") '((|3| |2|) (|0| |5|)) '((|0| |5|) (|3| |2|)))
  (bound (relation 2 "rfi") '((|3| |4|)) '((|3| |4|)))
  (bound (relation 2 "rfe") '((|5| |1|) (|0| |6|)) '((|0| |6|) (|5| |1|)))
  (bound (relation 2 "coi") '() '())
  (bound (relation 2 "coe") '((|3| |2|) (|0| |5|)) '((|0| |5|) (|3| |2|)))
  (bound (relation 2 "fr") '((|4| |2|) (|6| |5|)) '((|6| |5|) (|4| |2|)))
  (bound (relation 2 "fri") '((|6| |5|)) '((|6| |5|)))
  (bound (relation 2 "fre") '((|4| |2|)) '((|4| |2|)))
  (bound (relation 2 "rsw") '() '())
  (bound (relation 2 "fr_init") '() '())
  (bound
   (relation 2 "event_loc")
   '((|2| |1|) (|3| |1|) (|0| |0|) (|1| |0|) (|6| |0|) (|4| |1|) (|5| |0|))
   '((|2| |1|) (|3| |1|) (|0| |0|) (|1| |0|) (|6| |0|) (|4| |1|) (|5| |0|)))
  (bound
   (relation 2 "event_val")
   '((|2| |2|) (|3| |1|) (|0| |1|) (|1| |2|) (|6| |1|) (|4| |1|) (|5| |2|))
   '((|2| |2|) (|3| |1|) (|0| |1|) (|1| |2|) (|6| |1|) (|4| |1|) (|5| |2|)))))
Allow*
#f
#f
